<?xml version="1.0" encoding="UTF-8"?>
<coverage generated="1786006651663" clover="3.2.0">
  <project timestamp="1786006651663" name="All files">
    <metrics statements="334" coveredstatements="334" conditionals="254" coveredconditionals="254" methods="92" coveredmethods="92" elements="680" coveredelements="680" complexity="0" loc="334" ncloc="334" packages="1" files="8" classes="8"/>
    <file name="index.ts" path="/Users/yuxianglin/Desktop/test-Lum1104/dsh-browser/packages/browser/bridge-browser/src/index.ts">
      <metrics statements="37" coveredstatements="37" conditionals="20" coveredconditionals="20" methods="13" coveredmethods="13"/>
      <line num="37" count="3" type="stmt"/>
      <line num="40" count="3" type="stmt"/>
      <line num="43" count="3" type="stmt"/>
      <line num="46" count="3" type="stmt"/>
      <line num="49" count="3" type="stmt"/>
      <line num="52" count="3" type="stmt"/>
      <line num="55" count="3" type="stmt"/>
      <line num="73" count="3" type="stmt"/>
      <line num="87" count="28" type="cond" truecount="4" falsecount="0"/>
      <line num="88" count="5" type="stmt"/>
      <line num="98" count="9" type="stmt"/>
      <line num="106" count="9" type="stmt"/>
      <line num="107" count="9" type="stmt"/>
      <line num="108" count="9" type="stmt"/>
      <line num="109" count="9" type="stmt"/>
      <line num="120" count="7" type="stmt"/>
      <line num="122" count="7" type="stmt"/>
      <line num="125" count="5" type="stmt"/>
      <line num="129" count="1" type="stmt"/>
      <line num="133" count="5" type="stmt"/>
      <line num="136" count="2" type="stmt"/>
      <line num="145" count="5" type="stmt"/>
      <line num="147" count="2" type="stmt"/>
      <line num="149" count="5" type="stmt"/>
      <line num="151" count="5" type="stmt"/>
      <line num="157" count="5" type="stmt"/>
      <line num="161" count="1" type="stmt"/>
      <line num="162" count="1" type="stmt"/>
      <line num="165" count="5" type="stmt"/>
      <line num="167" count="5" type="stmt"/>
      <line num="168" count="5" type="stmt"/>
      <line num="173" count="33" type="stmt"/>
      <line num="178" count="5" type="stmt"/>
      <line num="179" count="5" type="cond" truecount="2" falsecount="0"/>
      <line num="180" count="3" type="stmt"/>
      <line num="188" count="5" type="stmt"/>
      <line num="193" count="7" type="stmt"/>
    </file>
    <file name="invariant.ts" path="/Users/yuxianglin/Desktop/test-Lum1104/dsh-browser/packages/browser/bridge-browser/src/invariant.ts">
      <metrics statements="6" coveredstatements="6" conditionals="0" coveredconditionals="0" methods="2" coveredmethods="2"/>
      <line num="10" count="9" type="stmt"/>
      <line num="13" count="9" type="stmt"/>
      <line num="15" count="9" type="stmt"/>
      <line num="24" count="9" type="stmt"/>
      <line num="31" count="9" type="stmt"/>
      <line num="32" count="9" type="stmt"/>
    </file>
    <file name="protocol.ts" path="/Users/yuxianglin/Desktop/test-Lum1104/dsh-browser/packages/browser/bridge-browser/src/protocol.ts">
      <metrics statements="35" coveredstatements="35" conditionals="84" coveredconditionals="84" methods="5" coveredmethods="5"/>
      <line num="16" count="5" type="stmt"/>
      <line num="19" count="5" type="stmt"/>
      <line num="22" count="5" type="stmt"/>
      <line num="25" count="5" type="stmt"/>
      <line num="28" count="5" type="stmt"/>
      <line num="95" count="8" type="cond" truecount="6" falsecount="0"/>
      <line num="110" count="6" type="cond" truecount="4" falsecount="0"/>
      <line num="120" count="93" type="stmt"/>
      <line num="121" count="93" type="stmt"/>
      <line num="123" count="2" type="stmt"/>
      <line num="125" count="91" type="cond" truecount="5" falsecount="0"/>
      <line num="126" count="89" type="stmt"/>
      <line num="127" count="89" type="cond" truecount="2" falsecount="0"/>
      <line num="128" count="88" type="cond" truecount="11" falsecount="0"/>
      <line num="130" count="37" type="cond" truecount="4" falsecount="0"/>
      <line num="135" count="16" type="cond" truecount="4" falsecount="0"/>
      <line num="139" count="8" type="cond" truecount="2" falsecount="0"/>
      <line num="140" count="7" type="cond" truecount="4" falsecount="0"/>
      <line num="141" count="4" type="stmt"/>
      <line num="143" count="3" type="cond" truecount="2" falsecount="0"/>
      <line num="147" count="4" type="stmt"/>
      <line num="149" count="3" type="cond" truecount="2" falsecount="0"/>
      <line num="153" count="6" type="cond" truecount="2" falsecount="0"/>
      <line num="154" count="5" type="cond" truecount="4" falsecount="0"/>
      <line num="155" count="2" type="stmt"/>
      <line num="157" count="3" type="cond" truecount="4" falsecount="0"/>
      <line num="161" count="4" type="cond" truecount="4" falsecount="0"/>
      <line num="165" count="4" type="cond" truecount="7" falsecount="0"/>
      <line num="170" count="2" type="stmt"/>
      <line num="172" count="3" type="cond" truecount="4" falsecount="0"/>
      <line num="176" count="1" type="stmt"/>
      <line num="181" count="40" type="cond" truecount="4" falsecount="0"/>
      <line num="182" count="39" type="stmt"/>
      <line num="183" count="39" type="cond" truecount="5" falsecount="0"/>
      <line num="189" count="3" type="cond" truecount="4" falsecount="0"/>
    </file>
    <file name="server.ts" path="/Users/yuxianglin/Desktop/test-Lum1104/dsh-browser/packages/browser/bridge-browser/src/server.ts">
      <metrics statements="139" coveredstatements="139" conditionals="89" coveredconditionals="89" methods="31" coveredmethods="31"/>
      <line num="44" count="4" type="stmt"/>
      <line num="59" count="35" type="cond" truecount="3" falsecount="0"/>
      <line num="65" count="9" type="stmt"/>
      <line num="68" count="9" type="stmt"/>
      <line num="69" count="9" type="stmt"/>
      <line num="118" count="99" type="stmt"/>
      <line num="129" count="52" type="cond" truecount="2" falsecount="0"/>
      <line num="130" count="51" type="cond" truecount="2" falsecount="0"/>
      <line num="131" count="1" type="stmt"/>
      <line num="139" count="35" type="stmt"/>
      <line num="140" count="35" type="stmt"/>
      <line num="141" count="35" type="stmt"/>
      <line num="142" count="35" type="stmt"/>
      <line num="144" count="35" type="stmt"/>
      <line num="153" count="31" type="cond" truecount="2" falsecount="0"/>
      <line num="154" count="31" type="stmt"/>
      <line num="155" count="31" type="stmt"/>
      <line num="174" count="10" type="stmt"/>
      <line num="175" count="10" type="cond" truecount="2" falsecount="0"/>
      <line num="176" count="2" type="stmt"/>
      <line num="181" count="8" type="cond" truecount="2" falsecount="0"/>
      <line num="182" count="1" type="stmt"/>
      <line num="184" count="7" type="stmt"/>
      <line num="185" count="7" type="stmt"/>
      <line num="187" count="7" type="stmt"/>
      <line num="188" count="2" type="stmt"/>
      <line num="189" count="2" type="stmt"/>
      <line num="190" count="2" type="stmt"/>
      <line num="191" count="2" type="stmt"/>
      <line num="193" count="7" type="stmt"/>
      <line num="194" count="1" type="stmt"/>
      <line num="196" count="7" type="stmt"/>
      <line num="197" count="1" type="stmt"/>
      <line num="199" count="7" type="stmt"/>
      <line num="200" count="7" type="stmt"/>
      <line num="201" count="7" type="stmt"/>
      <line num="220" count="35" type="cond" truecount="2" falsecount="0"/>
      <line num="221" count="33" type="stmt"/>
      <line num="223" count="33" type="cond" truecount="2" falsecount="0"/>
      <line num="224" count="35" type="stmt"/>
      <line num="225" count="35" type="stmt"/>
      <line num="226" count="33" type="stmt"/>
      <line num="227" count="33" type="stmt"/>
      <line num="228" count="33" type="stmt"/>
      <line num="236" count="33" type="stmt"/>
      <line num="241" count="4" type="stmt"/>
      <line num="245" count="31" type="stmt"/>
      <line num="246" count="1" type="stmt"/>
      <line num="249" count="31" type="stmt"/>
      <line num="250" count="49" type="stmt"/>
      <line num="251" count="49" type="stmt"/>
      <line num="252" count="49" type="cond" truecount="2" falsecount="0"/>
      <line num="253" count="1" type="stmt"/>
      <line num="254" count="1" type="stmt"/>
      <line num="256" count="48" type="cond" truecount="2" falsecount="0"/>
      <line num="258" count="30" type="cond" truecount="2" falsecount="0"/>
      <line num="259" count="1" type="stmt"/>
      <line num="260" count="1" type="stmt"/>
      <line num="270" count="29" type="cond" truecount="3" falsecount="0"/>
      <line num="273" count="30" type="cond" truecount="4" falsecount="0"/>
      <line num="274" count="3" type="stmt"/>
      <line num="275" count="3" type="stmt"/>
      <line num="277" count="26" type="stmt"/>
      <line num="278" count="26" type="stmt"/>
      <line num="279" count="26" type="stmt"/>
      <line num="280" count="26" type="stmt"/>
      <line num="282" count="18" type="stmt"/>
      <line num="284" count="31" type="stmt"/>
      <line num="285" count="31" type="cond" truecount="2" falsecount="0"/>
      <line num="286" count="31" type="cond" truecount="4" falsecount="0"/>
      <line num="288" count="31" type="stmt"/>
      <line num="289" count="31" type="stmt"/>
      <line num="290" count="31" type="stmt"/>
      <line num="295" count="26" type="stmt"/>
      <line num="296" count="26" type="stmt"/>
      <line num="297" count="26" type="cond" truecount="2" falsecount="0"/>
      <line num="298" count="26" type="stmt"/>
      <line num="299" count="26" type="stmt"/>
      <line num="300" count="26" type="stmt"/>
      <line num="301" count="59" type="cond" truecount="2" falsecount="0"/>
      <line num="302" count="58" type="stmt"/>
      <line num="308" count="2" type="cond" truecount="4" falsecount="0"/>
      <line num="309" count="1" type="stmt"/>
      <line num="313" count="26" type="stmt"/>
      <line num="314" count="26" type="stmt"/>
      <line num="315" count="26" type="stmt"/>
      <line num="316" count="26" type="stmt"/>
      <line num="317" count="26" type="stmt"/>
      <line num="322" count="18" type="cond" truecount="10" falsecount="0"/>
      <line num="324" count="13" type="stmt"/>
      <line num="325" count="13" type="stmt"/>
      <line num="327" count="3" type="cond" truecount="2" falsecount="0"/>
      <line num="328" count="3" type="stmt"/>
      <line num="339" count="2" type="stmt"/>
      <line num="344" count="13" type="stmt"/>
      <line num="348" count="13" type="cond" truecount="2" falsecount="0"/>
      <line num="349" count="13" type="cond" truecount="2" falsecount="0"/>
      <line num="350" count="1" type="stmt"/>
      <line num="351" count="1" type="stmt"/>
      <line num="353" count="12" type="stmt"/>
      <line num="354" count="12" type="stmt"/>
      <line num="359" count="12" type="stmt"/>
      <line num="360" count="12" type="stmt"/>
      <line num="361" count="11" type="stmt"/>
      <line num="362" count="11" type="cond" truecount="2" falsecount="0"/>
      <line num="363" count="1" type="stmt"/>
      <line num="364" count="1" type="stmt"/>
      <line num="367" count="10" type="stmt"/>
      <line num="368" count="10" type="stmt"/>
      <line num="370" count="1" type="stmt"/>
      <line num="372" count="10" type="stmt"/>
      <line num="374" count="1" type="stmt"/>
      <line num="379" count="3" type="stmt"/>
      <line num="380" count="3" type="cond" truecount="2" falsecount="0"/>
      <line num="381" count="2" type="stmt"/>
      <line num="382" count="2" type="stmt"/>
      <line num="383" count="2" type="cond" truecount="2" falsecount="0"/>
      <line num="384" count="1" type="stmt"/>
      <line num="389" count="65" type="stmt"/>
      <line num="390" count="65" type="cond" truecount="2" falsecount="0"/>
      <line num="391" count="26" type="stmt"/>
      <line num="392" count="26" type="stmt"/>
      <line num="393" count="26" type="stmt"/>
      <line num="394" count="26" type="cond" truecount="4" falsecount="0"/>
      <line num="395" count="19" type="stmt"/>
      <line num="397" count="26" type="stmt"/>
      <line num="398" count="3" type="stmt"/>
      <line num="399" count="3" type="stmt"/>
      <line num="400" count="3" type="stmt"/>
      <line num="413" count="5" type="cond" truecount="4" falsecount="0"/>
      <line num="414" count="3" type="stmt"/>
      <line num="415" count="3" type="cond" truecount="2" falsecount="0"/>
      <line num="416" count="1" type="stmt"/>
      <line num="418" count="2" type="stmt"/>
      <line num="429" count="5" type="cond" truecount="4" falsecount="0"/>
      <line num="430" count="4" type="stmt"/>
      <line num="431" count="4" type="cond" truecount="4" falsecount="0"/>
      <line num="432" count="2" type="stmt"/>
      <line num="434" count="1" type="stmt"/>
    </file>
    <file name="session-deferral.ts" path="/Users/yuxianglin/Desktop/test-Lum1104/dsh-browser/packages/browser/bridge-browser/src/session-deferral.ts">
      <metrics statements="31" coveredstatements="31" conditionals="16" coveredconditionals="16" methods="8" coveredmethods="8"/>
      <line num="21" count="4" type="stmt"/>
      <line num="43" count="15" type="cond" truecount="2" falsecount="0"/>
      <line num="45" count="12" type="stmt"/>
      <line num="46" count="12" type="stmt"/>
      <line num="48" count="12" type="stmt"/>
      <line num="49" count="11" type="stmt"/>
      <line num="50" count="11" type="stmt"/>
      <line num="51" count="2" type="cond" truecount="2" falsecount="0"/>
      <line num="55" count="12" type="stmt"/>
      <line num="56" count="11" type="cond" truecount="2" falsecount="0"/>
      <line num="58" count="12" type="stmt"/>
      <line num="63" count="11" type="stmt"/>
      <line num="64" count="11" type="stmt"/>
      <line num="65" count="11" type="stmt"/>
      <line num="66" count="11" type="stmt"/>
      <line num="69" count="7" type="cond" truecount="2" falsecount="0"/>
      <line num="70" count="4" type="stmt"/>
      <line num="73" count="9" type="stmt"/>
      <line num="74" count="9" type="cond" truecount="2" falsecount="0"/>
      <line num="75" count="8" type="stmt"/>
      <line num="76" count="8" type="cond" truecount="2" falsecount="0"/>
      <line num="80" count="9" type="cond" truecount="2" falsecount="0"/>
      <line num="81" count="7" type="stmt"/>
      <line num="82" count="7" type="stmt"/>
      <line num="83" count="6" type="stmt"/>
      <line num="84" count="1" type="stmt"/>
      <line num="87" count="8" type="stmt"/>
      <line num="88" count="7" type="cond" truecount="2" falsecount="0"/>
      <line num="92" count="1" type="stmt"/>
      <line num="94" count="6" type="stmt"/>
      <line num="95" count="6" type="stmt"/>
    </file>
    <file name="session-workspace.ts" path="/Users/yuxianglin/Desktop/test-Lum1104/dsh-browser/packages/browser/bridge-browser/src/session-workspace.ts">
      <metrics statements="25" coveredstatements="25" conditionals="12" coveredconditionals="12" methods="4" coveredmethods="4"/>
      <line num="31" count="11" type="cond" truecount="2" falsecount="0"/>
      <line num="34" count="9" type="stmt"/>
      <line num="35" count="9" type="cond" truecount="2" falsecount="0"/>
      <line num="36" count="6" type="stmt"/>
      <line num="37" count="6" type="stmt"/>
      <line num="38" count="6" type="stmt"/>
      <line num="39" count="6" type="stmt"/>
      <line num="40" count="6" type="cond" truecount="2" falsecount="0"/>
      <line num="41" count="1" type="stmt"/>
      <line num="42" count="1" type="stmt"/>
      <line num="44" count="5" type="stmt"/>
      <line num="48" count="4" type="cond" truecount="2" falsecount="0"/>
      <line num="49" count="2" type="stmt"/>
      <line num="53" count="2" type="stmt"/>
      <line num="55" count="2" type="stmt"/>
      <line num="57" count="1" type="stmt"/>
      <line num="61" count="1" type="stmt"/>
      <line num="64" count="6" type="stmt"/>
      <line num="67" count="9" type="stmt"/>
      <line num="72" count="10" type="cond" truecount="2" falsecount="0"/>
      <line num="73" count="9" type="stmt"/>
      <line num="74" count="9" type="cond" truecount="2" falsecount="0"/>
      <line num="75" count="3" type="stmt"/>
      <line num="76" count="3" type="stmt"/>
      <line num="77" count="3" type="stmt"/>
    </file>
    <file name="token.ts" path="/Users/yuxianglin/Desktop/test-Lum1104/dsh-browser/packages/browser/bridge-browser/src/token.ts">
      <metrics statements="22" coveredstatements="22" conditionals="16" coveredconditionals="16" methods="6" coveredmethods="6"/>
      <line num="18" count="5" type="stmt"/>
      <line num="26" count="7" type="stmt"/>
      <line num="40" count="34" type="stmt"/>
      <line num="41" count="34" type="stmt"/>
      <line num="42" count="34" type="cond" truecount="4" falsecount="0"/>
      <line num="43" count="26" type="stmt"/>
      <line num="51" count="5" type="stmt"/>
      <line num="60" count="3" type="stmt"/>
      <line num="61" count="3" type="stmt"/>
      <line num="63" count="2" type="stmt"/>
      <line num="73" count="3" type="stmt"/>
      <line num="74" count="3" type="stmt"/>
      <line num="75" count="3" type="stmt"/>
      <line num="76" count="3" type="stmt"/>
      <line num="77" count="3" type="stmt"/>
      <line num="92" count="8" type="cond" truecount="4" falsecount="0"/>
      <line num="93" count="5" type="stmt"/>
      <line num="95" count="3" type="stmt"/>
      <line num="96" count="3" type="cond" truecount="4" falsecount="0"/>
      <line num="97" count="2" type="stmt"/>
      <line num="98" count="2" type="stmt"/>
      <line num="99" count="2" type="stmt"/>
    </file>
    <file name="tools.ts" path="/Users/yuxianglin/Desktop/test-Lum1104/dsh-browser/packages/browser/bridge-browser/src/tools.ts">
      <metrics statements="39" coveredstatements="39" conditionals="17" coveredconditionals="17" methods="23" coveredmethods="23"/>
      <line num="35" count="4" type="stmt"/>
      <line num="43" count="1" type="stmt"/>
      <line num="44" count="1" type="stmt"/>
      <line num="51" count="4" type="stmt"/>
      <line num="54" count="4" type="stmt"/>
      <line num="84" count="13" type="stmt"/>
      <line num="85" count="13" type="stmt"/>
      <line num="86" count="18" type="stmt"/>
      <line num="87" count="18" type="stmt"/>
      <line num="90" count="13" type="stmt"/>
      <line num="91" count="143" type="stmt"/>
      <line num="93" count="13" type="stmt"/>
      <line num="98" count="18" type="cond" truecount="5" falsecount="0"/>
      <line num="99" count="17" type="stmt"/>
      <line num="101" count="1" type="stmt"/>
      <line num="110" count="13" type="stmt"/>
      <line num="122" count="3" type="stmt"/>
      <line num="123" count="3" type="stmt"/>
      <line num="130" count="13" type="stmt"/>
      <line num="139" count="1" type="stmt"/>
      <line num="142" count="13" type="stmt"/>
      <line num="155" count="2" type="stmt"/>
      <line num="156" count="2" type="stmt"/>
      <line num="164" count="13" type="stmt"/>
      <line num="173" count="1" type="stmt"/>
      <line num="176" count="13" type="stmt"/>
      <line num="187" count="2" type="stmt"/>
      <line num="188" count="2" type="stmt"/>
      <line num="195" count="13" type="stmt"/>
      <line num="204" count="1" type="stmt"/>
      <line num="207" count="39" type="stmt"/>
      <line num="213" count="3" type="stmt"/>
      <line num="216" count="13" type="stmt"/>
      <line num="226" count="2" type="stmt"/>
      <line num="227" count="2" type="cond" truecount="2" falsecount="0"/>
      <line num="231" count="13" type="stmt"/>
      <line num="241" count="3" type="stmt"/>
      <line num="242" count="3" type="cond" truecount="2" falsecount="0"/>
      <line num="246" count="13" type="stmt"/>
    </file>
  </project>
</coverage>
