{"/Users/yuxianglin/Desktop/test-Lum1104/dsh-browser/packages/browser/bridge-browser/src/index.ts": {"path":"/Users/yuxianglin/Desktop/test-Lum1104/dsh-browser/packages/browser/bridge-browser/src/index.ts","statementMap":{"0":{"start":{"line":37,"column":20},"end":{"line":37,"column":null}},"1":{"start":{"line":40,"column":22},"end":{"line":40,"column":null}},"2":{"start":{"line":43,"column":32},"end":{"line":43,"column":null}},"3":{"start":{"line":46,"column":35},"end":{"line":46,"column":null}},"4":{"start":{"line":49,"column":38},"end":{"line":49,"column":null}},"5":{"start":{"line":52,"column":6},"end":{"line":52,"column":null}},"6":{"start":{"line":55,"column":37},"end":{"line":55,"column":null}},"7":{"start":{"line":73,"column":33},"end":{"line":80,"column":null}},"8":{"start":{"line":87,"column":2},"end":{"line":89,"column":null}},"9":{"start":{"line":88,"column":4},"end":{"line":88,"column":null}},"10":{"start":{"line":98,"column":35},"end":{"line":105,"column":null}},"11":{"start":{"line":106,"column":2},"end":{"line":106,"column":null}},"12":{"start":{"line":107,"column":2},"end":{"line":107,"column":null}},"13":{"start":{"line":108,"column":2},"end":{"line":108,"column":null}},"14":{"start":{"line":109,"column":2},"end":{"line":109,"column":null}},"15":{"start":{"line":120,"column":19},"end":{"line":120,"column":null}},"16":{"start":{"line":122,"column":19},"end":{"line":122,"column":null}},"17":{"start":{"line":125,"column":8},"end":{"line":132,"column":null}},"18":{"start":{"line":129,"column":19},"end":{"line":129,"column":44}},"19":{"start":{"line":133,"column":17},"end":{"line":143,"column":null}},"20":{"start":{"line":136,"column":28},"end":{"line":136,"column":null}},"21":{"start":{"line":145,"column":33},"end":{"line":148,"column":null}},"22":{"start":{"line":147,"column":38},"end":{"line":147,"column":78}},"23":{"start":{"line":149,"column":2},"end":{"line":149,"column":null}},"24":{"start":{"line":149,"column":19},"end":{"line":149,"column":58}},"25":{"start":{"line":151,"column":2},"end":{"line":151,"column":null}},"26":{"start":{"line":151,"column":6},"end":{"line":151,"column":41}},"27":{"start":{"line":151,"column":25},"end":{"line":151,"column":41}},"28":{"start":{"line":157,"column":32},"end":{"line":164,"column":null}},"29":{"start":{"line":161,"column":6},"end":{"line":161,"column":null}},"30":{"start":{"line":162,"column":6},"end":{"line":162,"column":null}},"31":{"start":{"line":165,"column":2},"end":{"line":165,"column":null}},"32":{"start":{"line":165,"column":19},"end":{"line":165,"column":57}},"33":{"start":{"line":167,"column":2},"end":{"line":174,"column":null}},"34":{"start":{"line":168,"column":10},"end":{"line":172,"column":null}},"35":{"start":{"line":173,"column":4},"end":{"line":173,"column":null}},"36":{"start":{"line":173,"column":19},"end":{"line":173,"column":71}},"37":{"start":{"line":173,"column":61},"end":{"line":173,"column":71}},"38":{"start":{"line":178,"column":23},"end":{"line":178,"column":null}},"39":{"start":{"line":179,"column":2},"end":{"line":186,"column":null}},"40":{"start":{"line":180,"column":4},"end":{"line":185,"column":null}},"41":{"start":{"line":180,"column":21},"end":{"line":185,"column":8}},"42":{"start":{"line":188,"column":2},"end":{"line":192,"column":null}},"43":{"start":{"line":193,"column":2},"end":{"line":193,"column":null}}},"fnMap":{"0":{"name":"assertPositiveInteger","decl":{"start":{"line":86,"column":16},"end":{"line":86,"column":38}},"loc":{"start":{"line":86,"column":73},"end":{"line":90,"column":null}},"line":86},"1":{"name":"resolveConfig","decl":{"start":{"line":97,"column":16},"end":{"line":97,"column":30}},"loc":{"start":{"line":97,"column":62},"end":{"line":110,"column":null}},"line":97},"2":{"name":"apply","decl":{"start":{"line":119,"column":22},"end":{"line":119,"column":28}},"loc":{"start":{"line":119,"column":73},"end":{"line":194,"column":null}},"line":119},"3":{"name":"(anonymous_3)","decl":{"start":{"line":128,"column":15},"end":{"line":128,"column":null}},"loc":{"start":{"line":129,"column":17},"end":{"line":129,"column":null}},"line":129},"4":{"name":"(anonymous_4)","decl":{"start":{"line":136,"column":4},"end":{"line":136,"column":17}},"loc":{"start":{"line":136,"column":28},"end":{"line":136,"column":null}},"line":136},"5":{"name":"(anonymous_5)","decl":{"start":{"line":147,"column":4},"end":{"line":147,"column":14}},"loc":{"start":{"line":147,"column":36},"end":{"line":147,"column":null}},"line":147},"6":{"name":"(anonymous_6)","decl":{"start":{"line":149,"column":6},"end":{"line":149,"column":19}},"loc":{"start":{"line":149,"column":19},"end":{"line":149,"column":58}},"line":149},"7":{"name":"(anonymous_7)","decl":{"start":{"line":151,"column":6},"end":{"line":151,"column":25}},"loc":{"start":{"line":151,"column":6},"end":{"line":151,"column":41}},"line":151},"8":{"name":"(anonymous_8)","decl":{"start":{"line":160,"column":4},"end":{"line":160,"column":14}},"loc":{"start":{"line":160,"column":28},"end":{"line":163,"column":null}},"line":160},"9":{"name":"(anonymous_9)","decl":{"start":{"line":165,"column":6},"end":{"line":165,"column":19}},"loc":{"start":{"line":165,"column":19},"end":{"line":165,"column":57}},"line":165},"10":{"name":"(anonymous_10)","decl":{"start":{"line":167,"column":6},"end":{"line":167,"column":19}},"loc":{"start":{"line":167,"column":19},"end":{"line":174,"column":5}},"line":167},"11":{"name":"(anonymous_11)","decl":{"start":{"line":173,"column":4},"end":{"line":173,"column":17}},"loc":{"start":{"line":173,"column":17},"end":{"line":173,"column":null}},"line":173},"12":{"name":"(anonymous_12)","decl":{"start":{"line":180,"column":8},"end":{"line":180,"column":21}},"loc":{"start":{"line":180,"column":21},"end":{"line":185,"column":8}},"line":180}},"branchMap":{"0":{"loc":{"start":{"line":87,"column":2},"end":{"line":89,"column":null}},"type":"if","locations":[{"start":{"line":87,"column":2},"end":{"line":89,"column":null}},{"start":{},"end":{}}],"line":87},"1":{"loc":{"start":{"line":87,"column":6},"end":{"line":87,"column":45}},"type":"binary-expr","locations":[{"start":{"line":87,"column":6},"end":{"line":87,"column":34}},{"start":{"line":87,"column":34},"end":{"line":87,"column":45}}],"line":87},"2":{"loc":{"start":{"line":99,"column":8},"end":{"line":99,"column":null}},"type":"cond-expr","locations":[{"start":{"line":99,"column":37},"end":{"line":99,"column":42}},{"start":{"line":99,"column":42},"end":{"line":99,"column":null}}],"line":99},"3":{"loc":{"start":{"line":100,"column":19},"end":{"line":100,"column":null}},"type":"binary-expr","locations":[{"start":{"line":100,"column":19},"end":{"line":100,"column":43}},{"start":{"line":100,"column":43},"end":{"line":100,"column":null}}],"line":100},"4":{"loc":{"start":{"line":101,"column":22},"end":{"line":101,"column":null}},"type":"binary-expr","locations":[{"start":{"line":101,"column":22},"end":{"line":101,"column":49}},{"start":{"line":101,"column":49},"end":{"line":101,"column":null}}],"line":101},"5":{"loc":{"start":{"line":102,"column":25},"end":{"line":102,"column":null}},"type":"binary-expr","locations":[{"start":{"line":102,"column":25},"end":{"line":102,"column":55}},{"start":{"line":102,"column":55},"end":{"line":102,"column":null}}],"line":102},"6":{"loc":{"start":{"line":103,"column":26},"end":{"line":103,"column":null}},"type":"binary-expr","locations":[{"start":{"line":103,"column":26},"end":{"line":103,"column":57}},{"start":{"line":103,"column":57},"end":{"line":103,"column":null}}],"line":103},"7":{"loc":{"start":{"line":104,"column":24},"end":{"line":104,"column":null}},"type":"binary-expr","locations":[{"start":{"line":104,"column":24},"end":{"line":104,"column":53}},{"start":{"line":104,"column":53},"end":{"line":104,"column":null}}],"line":104},"8":{"loc":{"start":{"line":179,"column":2},"end":{"line":186,"column":null}},"type":"if","locations":[{"start":{"line":179,"column":2},"end":{"line":186,"column":null}},{"start":{},"end":{}}],"line":179},"9":{"loc":{"start":{"line":189,"column":4},"end":{"line":191,"column":null}},"type":"cond-expr","locations":[{"start":{"line":190,"column":8},"end":{"line":190,"column":null}},{"start":{"line":191,"column":8},"end":{"line":191,"column":null}}],"line":189}},"s":{"0":3,"1":3,"2":3,"3":3,"4":3,"5":3,"6":3,"7":3,"8":28,"9":5,"10":9,"11":9,"12":9,"13":9,"14":9,"15":7,"16":7,"17":5,"18":1,"19":5,"20":2,"21":5,"22":2,"23":5,"24":5,"25":5,"26":5,"27":3,"28":5,"29":1,"30":1,"31":5,"32":5,"33":5,"34":5,"35":5,"36":3,"37":33,"38":5,"39":5,"40":3,"41":3,"42":5,"43":7},"f":{"0":28,"1":9,"2":7,"3":1,"4":2,"5":2,"6":5,"7":8,"8":1,"9":5,"10":5,"11":3,"12":3},"b":{"0":[5,23],"1":[28,27],"2":[4,5],"3":[9,1],"4":[9,1],"5":[9,1],"6":[9,4],"7":[9,5],"8":[3,2],"9":[1,4]},"meta":{"lastBranch":10,"lastFunction":13,"lastStatement":44,"seen":{"s:37:20:37:Infinity":0,"s:40:22:40:Infinity":1,"s:43:32:43:Infinity":2,"s:46:35:46:Infinity":3,"s:49:38:49:Infinity":4,"s:52:6:52:Infinity":5,"s:55:37:55:Infinity":6,"s:73:33:80:Infinity":7,"f:86:16:86:38":0,"b:87:2:89:Infinity:undefined:undefined:undefined:undefined":0,"s:87:2:89:Infinity":8,"b:87:6:87:34:87:34:87:45":1,"s:88:4:88:Infinity":9,"f:97:16:97:30":1,"s:98:35:105:Infinity":10,"b:99:37:99:42:99:42:99:Infinity":2,"b:100:19:100:43:100:43:100:Infinity":3,"b:101:22:101:49:101:49:101:Infinity":4,"b:102:25:102:55:102:55:102:Infinity":5,"b:103:26:103:57:103:57:103:Infinity":6,"b:104:24:104:53:104:53:104:Infinity":7,"s:106:2:106:Infinity":11,"s:107:2:107:Infinity":12,"s:108:2:108:Infinity":13,"s:109:2:109:Infinity":14,"f:119:22:119:28":2,"s:120:19:120:Infinity":15,"s:122:19:122:Infinity":16,"s:125:8:132:Infinity":17,"f:128:15:128:Infinity":3,"s:129:19:129:44":18,"s:133:17:143:Infinity":19,"f:136:4:136:17":4,"s:136:28:136:Infinity":20,"s:145:33:148:Infinity":21,"f:147:4:147:14":5,"s:147:38:147:78":22,"s:149:2:149:Infinity":23,"f:149:6:149:19":6,"s:149:19:149:58":24,"s:151:2:151:Infinity":25,"f:151:6:151:25":7,"s:151:6:151:41":26,"s:151:25:151:41":27,"s:157:32:164:Infinity":28,"f:160:4:160:14":8,"s:161:6:161:Infinity":29,"s:162:6:162:Infinity":30,"s:165:2:165:Infinity":31,"f:165:6:165:19":9,"s:165:19:165:57":32,"s:167:2:174:Infinity":33,"f:167:6:167:19":10,"s:168:10:172:Infinity":34,"s:173:4:173:Infinity":35,"f:173:4:173:17":11,"s:173:19:173:71":36,"s:173:61:173:71":37,"s:178:23:178:Infinity":38,"b:179:2:186:Infinity:undefined:undefined:undefined:undefined":8,"s:179:2:186:Infinity":39,"s:180:4:185:Infinity":40,"f:180:8:180:21":12,"s:180:21:185:8":41,"s:188:2:192:Infinity":42,"b:190:8:190:Infinity:191:8:191:Infinity":9,"s:193:2:193:Infinity":43},"fnNames":{}}}
,"/Users/yuxianglin/Desktop/test-Lum1104/dsh-browser/packages/browser/bridge-browser/src/invariant.ts": {"path":"/Users/yuxianglin/Desktop/test-Lum1104/dsh-browser/packages/browser/bridge-browser/src/invariant.ts","statementMap":{"0":{"start":{"line":10,"column":21},"end":{"line":10,"column":null}},"1":{"start":{"line":13,"column":20},"end":{"line":13,"column":null}},"2":{"start":{"line":15,"column":22},"end":{"line":15,"column":null}},"3":{"start":{"line":24,"column":6},"end":{"line":24,"column":null}},"4":{"start":{"line":31,"column":13},"end":{"line":32,"column":null}},"5":{"start":{"line":32,"column":2},"end":{"line":32,"column":null}}},"fnMap":{"0":{"name":"(anonymous_0)","decl":{"start":{"line":24,"column":6},"end":{"line":24,"column":42}},"loc":{"start":{"line":24,"column":42},"end":{"line":24,"column":null}},"line":24},"1":{"name":"(anonymous_1)","decl":{"start":{"line":31,"column":13},"end":{"line":31,"column":22}},"loc":{"start":{"line":32,"column":2},"end":{"line":32,"column":null}},"line":32}},"branchMap":{},"s":{"0":9,"1":9,"2":9,"3":9,"4":9,"5":9},"f":{"0":9,"1":9},"b":{},"meta":{"lastBranch":0,"lastFunction":2,"lastStatement":6,"seen":{"s:10:21:10:Infinity":0,"s:13:20:13:Infinity":1,"s:15:22:15:Infinity":2,"s:24:6:24:Infinity":3,"f:24:6:24:42":0,"s:31:13:32:Infinity":4,"f:31:13:31:22":1,"s:32:2:32:Infinity":5},"fnNames":{}}}
,"/Users/yuxianglin/Desktop/test-Lum1104/dsh-browser/packages/browser/bridge-browser/src/protocol.ts": {"path":"/Users/yuxianglin/Desktop/test-Lum1104/dsh-browser/packages/browser/bridge-browser/src/protocol.ts","statementMap":{"0":{"start":{"line":16,"column":27},"end":{"line":16,"column":null}},"1":{"start":{"line":19,"column":34},"end":{"line":19,"column":null}},"2":{"start":{"line":22,"column":32},"end":{"line":22,"column":null}},"3":{"start":{"line":25,"column":32},"end":{"line":25,"column":null}},"4":{"start":{"line":28,"column":35},"end":{"line":28,"column":null}},"5":{"start":{"line":95,"column":2},"end":{"line":100,"column":null}},"6":{"start":{"line":110,"column":2},"end":{"line":110,"column":null}},"7":{"start":{"line":120,"column":2},"end":{"line":124,"column":null}},"8":{"start":{"line":121,"column":4},"end":{"line":121,"column":null}},"9":{"start":{"line":123,"column":4},"end":{"line":123,"column":null}},"10":{"start":{"line":125,"column":2},"end":{"line":125,"column":null}},"11":{"start":{"line":125,"column":75},"end":{"line":125,"column":null}},"12":{"start":{"line":126,"column":16},"end":{"line":126,"column":null}},"13":{"start":{"line":127,"column":2},"end":{"line":127,"column":null}},"14":{"start":{"line":127,"column":35},"end":{"line":127,"column":null}},"15":{"start":{"line":128,"column":2},"end":{"line":177,"column":null}},"16":{"start":{"line":130,"column":6},"end":{"line":133,"column":null}},"17":{"start":{"line":135,"column":6},"end":{"line":137,"column":null}},"18":{"start":{"line":139,"column":6},"end":{"line":139,"column":null}},"19":{"start":{"line":139,"column":40},"end":{"line":139,"column":null}},"20":{"start":{"line":140,"column":6},"end":{"line":142,"column":null}},"21":{"start":{"line":141,"column":8},"end":{"line":141,"column":null}},"22":{"start":{"line":143,"column":6},"end":{"line":145,"column":null}},"23":{"start":{"line":147,"column":6},"end":{"line":147,"column":null}},"24":{"start":{"line":149,"column":6},"end":{"line":151,"column":null}},"25":{"start":{"line":153,"column":6},"end":{"line":153,"column":null}},"26":{"start":{"line":153,"column":40},"end":{"line":153,"column":null}},"27":{"start":{"line":154,"column":6},"end":{"line":156,"column":null}},"28":{"start":{"line":155,"column":8},"end":{"line":155,"column":null}},"29":{"start":{"line":157,"column":6},"end":{"line":159,"column":null}},"30":{"start":{"line":161,"column":6},"end":{"line":163,"column":null}},"31":{"start":{"line":165,"column":6},"end":{"line":168,"column":null}},"32":{"start":{"line":170,"column":6},"end":{"line":170,"column":null}},"33":{"start":{"line":172,"column":6},"end":{"line":174,"column":null}},"34":{"start":{"line":176,"column":6},"end":{"line":176,"column":null}},"35":{"start":{"line":181,"column":2},"end":{"line":181,"column":null}},"36":{"start":{"line":181,"column":51},"end":{"line":181,"column":null}},"37":{"start":{"line":182,"column":15},"end":{"line":182,"column":null}},"38":{"start":{"line":183,"column":2},"end":{"line":185,"column":null}},"39":{"start":{"line":189,"column":2},"end":{"line":191,"column":null}}},"fnMap":{"0":{"name":"isServerFrame","decl":{"start":{"line":94,"column":16},"end":{"line":94,"column":30}},"loc":{"start":{"line":94,"column":72},"end":{"line":101,"column":null}},"line":94},"1":{"name":"isClientFrame","decl":{"start":{"line":109,"column":16},"end":{"line":109,"column":30}},"loc":{"start":{"line":109,"column":72},"end":{"line":111,"column":null}},"line":109},"2":{"name":"parseBridgeFrame","decl":{"start":{"line":118,"column":16},"end":{"line":118,"column":33}},"loc":{"start":{"line":118,"column":72},"end":{"line":178,"column":null}},"line":118},"3":{"name":"isCaps","decl":{"start":{"line":180,"column":9},"end":{"line":180,"column":16}},"loc":{"start":{"line":180,"column":53},"end":{"line":186,"column":null}},"line":180},"4":{"name":"isToolError","decl":{"start":{"line":188,"column":9},"end":{"line":188,"column":21}},"loc":{"start":{"line":188,"column":57},"end":{"line":192,"column":null}},"line":188}},"branchMap":{"0":{"loc":{"start":{"line":95,"column":9},"end":{"line":100,"column":null}},"type":"binary-expr","locations":[{"start":{"line":95,"column":9},"end":{"line":95,"column":null}},{"start":{"line":96,"column":7},"end":{"line":96,"column":null}},{"start":{"line":97,"column":7},"end":{"line":97,"column":null}},{"start":{"line":98,"column":7},"end":{"line":98,"column":null}},{"start":{"line":99,"column":7},"end":{"line":99,"column":null}},{"start":{"line":100,"column":7},"end":{"line":100,"column":null}}],"line":95},"1":{"loc":{"start":{"line":110,"column":9},"end":{"line":110,"column":null}},"type":"binary-expr","locations":[{"start":{"line":110,"column":9},"end":{"line":110,"column":32}},{"start":{"line":110,"column":32},"end":{"line":110,"column":53}},{"start":{"line":110,"column":53},"end":{"line":110,"column":82}},{"start":{"line":110,"column":82},"end":{"line":110,"column":null}}],"line":110},"2":{"loc":{"start":{"line":125,"column":2},"end":{"line":125,"column":null}},"type":"if","locations":[{"start":{"line":125,"column":2},"end":{"line":125,"column":null}},{"start":{},"end":{}}],"line":125},"3":{"loc":{"start":{"line":125,"column":6},"end":{"line":125,"column":75}},"type":"binary-expr","locations":[{"start":{"line":125,"column":6},"end":{"line":125,"column":35}},{"start":{"line":125,"column":35},"end":{"line":125,"column":53}},{"start":{"line":125,"column":53},"end":{"line":125,"column":75}}],"line":125},"4":{"loc":{"start":{"line":127,"column":2},"end":{"line":127,"column":null}},"type":"if","locations":[{"start":{"line":127,"column":2},"end":{"line":127,"column":null}},{"start":{},"end":{}}],"line":127},"5":{"loc":{"start":{"line":128,"column":2},"end":{"line":177,"column":null}},"type":"switch","locations":[{"start":{"line":129,"column":4},"end":{"line":133,"column":null}},{"start":{"line":134,"column":4},"end":{"line":137,"column":null}},{"start":{"line":138,"column":4},"end":{"line":145,"column":null}},{"start":{"line":146,"column":4},"end":{"line":147,"column":null}},{"start":{"line":148,"column":4},"end":{"line":151,"column":null}},{"start":{"line":152,"column":4},"end":{"line":159,"column":null}},{"start":{"line":160,"column":4},"end":{"line":163,"column":null}},{"start":{"line":164,"column":4},"end":{"line":168,"column":null}},{"start":{"line":169,"column":4},"end":{"line":170,"column":null}},{"start":{"line":171,"column":4},"end":{"line":174,"column":null}},{"start":{"line":175,"column":4},"end":{"line":176,"column":null}}],"line":128},"6":{"loc":{"start":{"line":130,"column":13},"end":{"line":133,"column":null}},"type":"cond-expr","locations":[{"start":{"line":132,"column":10},"end":{"line":132,"column":null}},{"start":{"line":133,"column":10},"end":{"line":133,"column":null}}],"line":130},"7":{"loc":{"start":{"line":130,"column":13},"end":{"line":131,"column":null}},"type":"binary-expr","locations":[{"start":{"line":130,"column":13},"end":{"line":130,"column":null}},{"start":{"line":131,"column":11},"end":{"line":131,"column":null}}],"line":130},"8":{"loc":{"start":{"line":135,"column":13},"end":{"line":137,"column":null}},"type":"cond-expr","locations":[{"start":{"line":136,"column":10},"end":{"line":136,"column":null}},{"start":{"line":137,"column":10},"end":{"line":137,"column":null}}],"line":135},"9":{"loc":{"start":{"line":135,"column":13},"end":{"line":135,"column":null}},"type":"binary-expr","locations":[{"start":{"line":135,"column":13},"end":{"line":135,"column":45}},{"start":{"line":135,"column":45},"end":{"line":135,"column":null}}],"line":135},"10":{"loc":{"start":{"line":139,"column":6},"end":{"line":139,"column":null}},"type":"if","locations":[{"start":{"line":139,"column":6},"end":{"line":139,"column":null}},{"start":{},"end":{}}],"line":139},"11":{"loc":{"start":{"line":140,"column":6},"end":{"line":142,"column":null}},"type":"if","locations":[{"start":{"line":140,"column":6},"end":{"line":142,"column":null}},{"start":{},"end":{}}],"line":140},"12":{"loc":{"start":{"line":140,"column":10},"end":{"line":140,"column":50}},"type":"binary-expr","locations":[{"start":{"line":140,"column":10},"end":{"line":140,"column":31}},{"start":{"line":140,"column":31},"end":{"line":140,"column":50}}],"line":140},"13":{"loc":{"start":{"line":143,"column":13},"end":{"line":145,"column":null}},"type":"cond-expr","locations":[{"start":{"line":144,"column":10},"end":{"line":144,"column":null}},{"start":{"line":145,"column":10},"end":{"line":145,"column":null}}],"line":143},"14":{"loc":{"start":{"line":149,"column":13},"end":{"line":151,"column":null}},"type":"cond-expr","locations":[{"start":{"line":150,"column":10},"end":{"line":150,"column":null}},{"start":{"line":151,"column":10},"end":{"line":151,"column":null}}],"line":149},"15":{"loc":{"start":{"line":153,"column":6},"end":{"line":153,"column":null}},"type":"if","locations":[{"start":{"line":153,"column":6},"end":{"line":153,"column":null}},{"start":{},"end":{}}],"line":153},"16":{"loc":{"start":{"line":154,"column":6},"end":{"line":156,"column":null}},"type":"if","locations":[{"start":{"line":154,"column":6},"end":{"line":156,"column":null}},{"start":{},"end":{}}],"line":154},"17":{"loc":{"start":{"line":154,"column":10},"end":{"line":154,"column":50}},"type":"binary-expr","locations":[{"start":{"line":154,"column":10},"end":{"line":154,"column":31}},{"start":{"line":154,"column":31},"end":{"line":154,"column":50}}],"line":154},"18":{"loc":{"start":{"line":157,"column":13},"end":{"line":159,"column":null}},"type":"cond-expr","locations":[{"start":{"line":158,"column":10},"end":{"line":158,"column":null}},{"start":{"line":159,"column":10},"end":{"line":159,"column":null}}],"line":157},"19":{"loc":{"start":{"line":157,"column":13},"end":{"line":157,"column":null}},"type":"binary-expr","locations":[{"start":{"line":157,"column":13},"end":{"line":157,"column":48}},{"start":{"line":157,"column":48},"end":{"line":157,"column":null}}],"line":157},"20":{"loc":{"start":{"line":161,"column":13},"end":{"line":163,"column":null}},"type":"cond-expr","locations":[{"start":{"line":162,"column":10},"end":{"line":162,"column":null}},{"start":{"line":163,"column":10},"end":{"line":163,"column":null}}],"line":161},"21":{"loc":{"start":{"line":161,"column":13},"end":{"line":161,"column":null}},"type":"binary-expr","locations":[{"start":{"line":161,"column":13},"end":{"line":161,"column":48}},{"start":{"line":161,"column":48},"end":{"line":161,"column":null}}],"line":161},"22":{"loc":{"start":{"line":165,"column":13},"end":{"line":168,"column":null}},"type":"cond-expr","locations":[{"start":{"line":167,"column":10},"end":{"line":167,"column":null}},{"start":{"line":168,"column":10},"end":{"line":168,"column":null}}],"line":165},"23":{"loc":{"start":{"line":165,"column":13},"end":{"line":166,"column":null}},"type":"binary-expr","locations":[{"start":{"line":165,"column":13},"end":{"line":165,"column":45}},{"start":{"line":165,"column":45},"end":{"line":165,"column":null}},{"start":{"line":166,"column":11},"end":{"line":166,"column":45}},{"start":{"line":166,"column":45},"end":{"line":166,"column":68}},{"start":{"line":166,"column":68},"end":{"line":166,"column":null}}],"line":165},"24":{"loc":{"start":{"line":172,"column":13},"end":{"line":174,"column":null}},"type":"cond-expr","locations":[{"start":{"line":173,"column":10},"end":{"line":173,"column":null}},{"start":{"line":174,"column":10},"end":{"line":174,"column":null}}],"line":172},"25":{"loc":{"start":{"line":172,"column":13},"end":{"line":172,"column":null}},"type":"binary-expr","locations":[{"start":{"line":172,"column":13},"end":{"line":172,"column":47}},{"start":{"line":172,"column":47},"end":{"line":172,"column":null}}],"line":172},"26":{"loc":{"start":{"line":181,"column":2},"end":{"line":181,"column":null}},"type":"if","locations":[{"start":{"line":181,"column":2},"end":{"line":181,"column":null}},{"start":{},"end":{}}],"line":181},"27":{"loc":{"start":{"line":181,"column":6},"end":{"line":181,"column":51}},"type":"binary-expr","locations":[{"start":{"line":181,"column":6},"end":{"line":181,"column":35}},{"start":{"line":181,"column":35},"end":{"line":181,"column":51}}],"line":181},"28":{"loc":{"start":{"line":183,"column":9},"end":{"line":185,"column":null}},"type":"binary-expr","locations":[{"start":{"line":183,"column":9},"end":{"line":183,"column":null}},{"start":{"line":184,"column":7},"end":{"line":184,"column":52}},{"start":{"line":184,"column":52},"end":{"line":184,"column":null}},{"start":{"line":185,"column":7},"end":{"line":185,"column":55}},{"start":{"line":185,"column":55},"end":{"line":185,"column":null}}],"line":183},"29":{"loc":{"start":{"line":189,"column":9},"end":{"line":191,"column":null}},"type":"binary-expr","locations":[{"start":{"line":189,"column":9},"end":{"line":189,"column":38}},{"start":{"line":189,"column":38},"end":{"line":189,"column":null}},{"start":{"line":190,"column":7},"end":{"line":190,"column":null}},{"start":{"line":191,"column":7},"end":{"line":191,"column":null}}],"line":189}},"s":{"0":5,"1":5,"2":5,"3":5,"4":5,"5":8,"6":6,"7":93,"8":93,"9":2,"10":91,"11":2,"12":89,"13":89,"14":1,"15":88,"16":37,"17":16,"18":8,"19":1,"20":7,"21":4,"22":3,"23":4,"24":3,"25":6,"26":1,"27":5,"28":2,"29":3,"30":4,"31":4,"32":2,"33":3,"34":1,"35":40,"36":1,"37":39,"38":39,"39":3},"f":{"0":8,"1":6,"2":93,"3":40,"4":3},"b":{"0":[8,7,6,5,3,2],"1":[6,4,3,2],"2":[2,89],"3":[91,91,90],"4":[1,88],"5":[88,16,8,4,3,6,4,4,2,3,1],"6":[33,4],"7":[37,37],"8":[15,1],"9":[16,15],"10":[1,7],"11":[4,3],"12":[7,5],"13":[2,1],"14":[2,1],"15":[1,5],"16":[2,3],"17":[5,3],"18":[1,2],"19":[3,1],"20":[2,2],"21":[4,3],"22":[3,1],"23":[4,4,4,4,4],"24":[2,1],"25":[3,2],"26":[1,39],"27":[40,39],"28":[39,38,36,35,35],"29":[3,2,2,2]},"meta":{"lastBranch":30,"lastFunction":5,"lastStatement":40,"seen":{"s:16:27:16:Infinity":0,"s:19:34:19:Infinity":1,"s:22:32:22:Infinity":2,"s:25:32:25:Infinity":3,"s:28:35:28:Infinity":4,"f:94:16:94:30":0,"s:95:2:100:Infinity":5,"b:95:9:95:Infinity:96:7:96:Infinity:97:7:97:Infinity:98:7:98:Infinity:99:7:99:Infinity:100:7:100:Infinity":0,"f:109:16:109:30":1,"s:110:2:110:Infinity":6,"b:110:9:110:32:110:32:110:53:110:53:110:82:110:82:110:Infinity":1,"f:118:16:118:33":2,"s:120:2:124:Infinity":7,"s:121:4:121:Infinity":8,"s:123:4:123:Infinity":9,"b:125:2:125:Infinity:undefined:undefined:undefined:undefined":2,"s:125:2:125:Infinity":10,"b:125:6:125:35:125:35:125:53:125:53:125:75":3,"s:125:75:125:Infinity":11,"s:126:16:126:Infinity":12,"b:127:2:127:Infinity:undefined:undefined:undefined:undefined":4,"s:127:2:127:Infinity":13,"s:127:35:127:Infinity":14,"b:129:4:133:Infinity:134:4:137:Infinity:138:4:145:Infinity:146:4:147:Infinity:148:4:151:Infinity:152:4:159:Infinity:160:4:163:Infinity:164:4:168:Infinity:169:4:170:Infinity:171:4:174:Infinity:175:4:176:Infinity":5,"s:128:2:177:Infinity":15,"s:130:6:133:Infinity":16,"b:132:10:132:Infinity:133:10:133:Infinity":6,"b:130:13:130:Infinity:131:11:131:Infinity":7,"s:135:6:137:Infinity":17,"b:136:10:136:Infinity:137:10:137:Infinity":8,"b:135:13:135:45:135:45:135:Infinity":9,"b:139:6:139:Infinity:undefined:undefined:undefined:undefined":10,"s:139:6:139:Infinity":18,"s:139:40:139:Infinity":19,"b:140:6:142:Infinity:undefined:undefined:undefined:undefined":11,"s:140:6:142:Infinity":20,"b:140:10:140:31:140:31:140:50":12,"s:141:8:141:Infinity":21,"s:143:6:145:Infinity":22,"b:144:10:144:Infinity:145:10:145:Infinity":13,"s:147:6:147:Infinity":23,"s:149:6:151:Infinity":24,"b:150:10:150:Infinity:151:10:151:Infinity":14,"b:153:6:153:Infinity:undefined:undefined:undefined:undefined":15,"s:153:6:153:Infinity":25,"s:153:40:153:Infinity":26,"b:154:6:156:Infinity:undefined:undefined:undefined:undefined":16,"s:154:6:156:Infinity":27,"b:154:10:154:31:154:31:154:50":17,"s:155:8:155:Infinity":28,"s:157:6:159:Infinity":29,"b:158:10:158:Infinity:159:10:159:Infinity":18,"b:157:13:157:48:157:48:157:Infinity":19,"s:161:6:163:Infinity":30,"b:162:10:162:Infinity:163:10:163:Infinity":20,"b:161:13:161:48:161:48:161:Infinity":21,"s:165:6:168:Infinity":31,"b:167:10:167:Infinity:168:10:168:Infinity":22,"b:165:13:165:45:165:45:165:Infinity:166:11:166:45:166:45:166:68:166:68:166:Infinity":23,"s:170:6:170:Infinity":32,"s:172:6:174:Infinity":33,"b:173:10:173:Infinity:174:10:174:Infinity":24,"b:172:13:172:47:172:47:172:Infinity":25,"s:176:6:176:Infinity":34,"f:180:9:180:16":3,"b:181:2:181:Infinity:undefined:undefined:undefined:undefined":26,"s:181:2:181:Infinity":35,"b:181:6:181:35:181:35:181:51":27,"s:181:51:181:Infinity":36,"s:182:15:182:Infinity":37,"s:183:2:185:Infinity":38,"b:183:9:183:Infinity:184:7:184:52:184:52:184:Infinity:185:7:185:55:185:55:185:Infinity":28,"f:188:9:188:21":4,"s:189:2:191:Infinity":39,"b:189:9:189:38:189:38:189:Infinity:190:7:190:Infinity:191:7:191:Infinity":29},"fnNames":{}}}
,"/Users/yuxianglin/Desktop/test-Lum1104/dsh-browser/packages/browser/bridge-browser/src/server.ts": {"path":"/Users/yuxianglin/Desktop/test-Lum1104/dsh-browser/packages/browser/bridge-browser/src/server.ts","statementMap":{"0":{"start":{"line":44,"column":27},"end":{"line":55,"column":null}},"1":{"start":{"line":59,"column":2},"end":{"line":59,"column":null}},"2":{"start":{"line":68,"column":4},"end":{"line":68,"column":null}},"3":{"start":{"line":65,"column":13},"end":{"line":65,"column":null}},"4":{"start":{"line":69,"column":4},"end":{"line":69,"column":null}},"5":{"start":{"line":118,"column":2},"end":{"line":118,"column":null}},"6":{"start":{"line":129,"column":2},"end":{"line":129,"column":null}},"7":{"start":{"line":129,"column":27},"end":{"line":129,"column":null}},"8":{"start":{"line":130,"column":2},"end":{"line":130,"column":null}},"9":{"start":{"line":130,"column":29},"end":{"line":130,"column":null}},"10":{"start":{"line":131,"column":2},"end":{"line":131,"column":null}},"11":{"start":{"line":139,"column":25},"end":{"line":139,"column":null}},"12":{"start":{"line":140,"column":44},"end":{"line":140,"column":null}},"13":{"start":{"line":141,"column":34},"end":{"line":141,"column":null}},"14":{"start":{"line":142,"column":19},"end":{"line":142,"column":null}},"15":{"start":{"line":144,"column":31},"end":{"line":144,"column":55}},"16":{"start":{"line":153,"column":19},"end":{"line":153,"column":null}},"17":{"start":{"line":154,"column":19},"end":{"line":154,"column":null}},"18":{"start":{"line":155,"column":4},"end":{"line":155,"column":null}},"19":{"start":{"line":155,"column":56},"end":{"line":155,"column":88}},"20":{"start":{"line":174,"column":17},"end":{"line":174,"column":null}},"21":{"start":{"line":175,"column":4},"end":{"line":177,"column":null}},"22":{"start":{"line":176,"column":6},"end":{"line":176,"column":null}},"23":{"start":{"line":181,"column":4},"end":{"line":183,"column":null}},"24":{"start":{"line":182,"column":6},"end":{"line":182,"column":null}},"25":{"start":{"line":184,"column":10},"end":{"line":184,"column":null}},"26":{"start":{"line":185,"column":4},"end":{"line":209,"column":null}},"27":{"start":{"line":187,"column":12},"end":{"line":192,"column":null}},"28":{"start":{"line":188,"column":8},"end":{"line":188,"column":null}},"29":{"start":{"line":189,"column":8},"end":{"line":189,"column":null}},"30":{"start":{"line":190,"column":8},"end":{"line":190,"column":null}},"31":{"start":{"line":191,"column":8},"end":{"line":191,"column":null}},"32":{"start":{"line":193,"column":12},"end":{"line":195,"column":null}},"33":{"start":{"line":194,"column":8},"end":{"line":194,"column":null}},"34":{"start":{"line":196,"column":6},"end":{"line":198,"column":null}},"35":{"start":{"line":197,"column":8},"end":{"line":197,"column":null}},"36":{"start":{"line":199,"column":6},"end":{"line":199,"column":null}},"37":{"start":{"line":200,"column":6},"end":{"line":200,"column":null}},"38":{"start":{"line":201,"column":6},"end":{"line":208,"column":null}},"39":{"start":{"line":220,"column":4},"end":{"line":220,"column":null}},"40":{"start":{"line":220,"column":21},"end":{"line":220,"column":null}},"41":{"start":{"line":221,"column":4},"end":{"line":221,"column":null}},"42":{"start":{"line":223,"column":18},"end":{"line":223,"column":null}},"43":{"start":{"line":224,"column":4},"end":{"line":224,"column":null}},"44":{"start":{"line":225,"column":4},"end":{"line":225,"column":null}},"45":{"start":{"line":225,"column":43},"end":{"line":225,"column":null}},"46":{"start":{"line":226,"column":4},"end":{"line":226,"column":null}},"47":{"start":{"line":227,"column":4},"end":{"line":235,"column":null}},"48":{"start":{"line":228,"column":6},"end":{"line":234,"column":null}},"49":{"start":{"line":236,"column":4},"end":{"line":236,"column":null}},"50":{"start":{"line":241,"column":4},"end":{"line":241,"column":null}},"51":{"start":{"line":245,"column":49},"end":{"line":247,"column":null}},"52":{"start":{"line":246,"column":6},"end":{"line":246,"column":null}},"53":{"start":{"line":249,"column":10},"end":{"line":283,"column":null}},"54":{"start":{"line":250,"column":19},"end":{"line":250,"column":null}},"55":{"start":{"line":251,"column":12},"end":{"line":251,"column":null}},"56":{"start":{"line":252,"column":6},"end":{"line":255,"column":null}},"57":{"start":{"line":253,"column":8},"end":{"line":253,"column":null}},"58":{"start":{"line":254,"column":8},"end":{"line":254,"column":null}},"59":{"start":{"line":256,"column":6},"end":{"line":281,"column":null}},"60":{"start":{"line":258,"column":8},"end":{"line":261,"column":null}},"61":{"start":{"line":259,"column":10},"end":{"line":259,"column":null}},"62":{"start":{"line":260,"column":10},"end":{"line":260,"column":null}},"63":{"start":{"line":270,"column":32},"end":{"line":272,"column":null}},"64":{"start":{"line":273,"column":8},"end":{"line":276,"column":null}},"65":{"start":{"line":274,"column":10},"end":{"line":274,"column":null}},"66":{"start":{"line":275,"column":10},"end":{"line":275,"column":null}},"67":{"start":{"line":277,"column":8},"end":{"line":277,"column":null}},"68":{"start":{"line":278,"column":8},"end":{"line":278,"column":null}},"69":{"start":{"line":279,"column":8},"end":{"line":279,"column":null}},"70":{"start":{"line":280,"column":8},"end":{"line":280,"column":null}},"71":{"start":{"line":282,"column":6},"end":{"line":282,"column":null}},"72":{"start":{"line":284,"column":10},"end":{"line":287,"column":null}},"73":{"start":{"line":285,"column":6},"end":{"line":285,"column":null}},"74":{"start":{"line":285,"column":36},"end":{"line":285,"column":null}},"75":{"start":{"line":286,"column":6},"end":{"line":286,"column":null}},"76":{"start":{"line":286,"column":59},"end":{"line":286,"column":null}},"77":{"start":{"line":288,"column":4},"end":{"line":288,"column":null}},"78":{"start":{"line":289,"column":4},"end":{"line":289,"column":null}},"79":{"start":{"line":290,"column":4},"end":{"line":290,"column":null}},"80":{"start":{"line":295,"column":4},"end":{"line":295,"column":null}},"81":{"start":{"line":296,"column":18},"end":{"line":296,"column":null}},"82":{"start":{"line":297,"column":17},"end":{"line":297,"column":null}},"83":{"start":{"line":297,"column":37},"end":{"line":297,"column":66}},"84":{"start":{"line":298,"column":10},"end":{"line":312,"column":null}},"85":{"start":{"line":299,"column":6},"end":{"line":311,"column":null}},"86":{"start":{"line":300,"column":8},"end":{"line":306,"column":null}},"87":{"start":{"line":301,"column":10},"end":{"line":301,"column":null}},"88":{"start":{"line":301,"column":48},"end":{"line":301,"column":null}},"89":{"start":{"line":302,"column":10},"end":{"line":305,"column":null}},"90":{"start":{"line":308,"column":8},"end":{"line":310,"column":null}},"91":{"start":{"line":309,"column":10},"end":{"line":309,"column":null}},"92":{"start":{"line":313,"column":4},"end":{"line":313,"column":null}},"93":{"start":{"line":314,"column":4},"end":{"line":314,"column":null}},"94":{"start":{"line":315,"column":4},"end":{"line":318,"column":null}},"95":{"start":{"line":316,"column":6},"end":{"line":316,"column":null}},"96":{"start":{"line":317,"column":6},"end":{"line":317,"column":null}},"97":{"start":{"line":322,"column":4},"end":{"line":340,"column":null}},"98":{"start":{"line":324,"column":8},"end":{"line":324,"column":null}},"99":{"start":{"line":325,"column":8},"end":{"line":325,"column":null}},"100":{"start":{"line":327,"column":8},"end":{"line":327,"column":null}},"101":{"start":{"line":328,"column":8},"end":{"line":328,"column":null}},"102":{"start":{"line":339,"column":8},"end":{"line":339,"column":null}},"103":{"start":{"line":344,"column":17},"end":{"line":344,"column":null}},"104":{"start":{"line":348,"column":22},"end":{"line":348,"column":null}},"105":{"start":{"line":349,"column":4},"end":{"line":352,"column":null}},"106":{"start":{"line":350,"column":6},"end":{"line":350,"column":null}},"107":{"start":{"line":351,"column":6},"end":{"line":351,"column":null}},"108":{"start":{"line":353,"column":17},"end":{"line":353,"column":null}},"109":{"start":{"line":354,"column":20},"end":{"line":358,"column":null}},"110":{"start":{"line":359,"column":4},"end":{"line":375,"column":null}},"111":{"start":{"line":360,"column":23},"end":{"line":360,"column":null}},"112":{"start":{"line":361,"column":19},"end":{"line":361,"column":null}},"113":{"start":{"line":362,"column":6},"end":{"line":365,"column":null}},"114":{"start":{"line":363,"column":8},"end":{"line":363,"column":null}},"115":{"start":{"line":364,"column":8},"end":{"line":364,"column":null}},"116":{"start":{"line":367,"column":6},"end":{"line":371,"column":null}},"117":{"start":{"line":368,"column":8},"end":{"line":368,"column":null}},"118":{"start":{"line":370,"column":8},"end":{"line":370,"column":null}},"119":{"start":{"line":372,"column":6},"end":{"line":372,"column":null}},"120":{"start":{"line":374,"column":6},"end":{"line":374,"column":null}},"121":{"start":{"line":379,"column":20},"end":{"line":379,"column":null}},"122":{"start":{"line":380,"column":4},"end":{"line":380,"column":null}},"123":{"start":{"line":380,"column":31},"end":{"line":380,"column":null}},"124":{"start":{"line":381,"column":4},"end":{"line":381,"column":null}},"125":{"start":{"line":382,"column":4},"end":{"line":382,"column":null}},"126":{"start":{"line":383,"column":4},"end":{"line":384,"column":null}},"127":{"start":{"line":383,"column":12},"end":{"line":383,"column":null}},"128":{"start":{"line":384,"column":9},"end":{"line":384,"column":null}},"129":{"start":{"line":389,"column":17},"end":{"line":389,"column":null}},"130":{"start":{"line":390,"column":4},"end":{"line":390,"column":null}},"131":{"start":{"line":390,"column":23},"end":{"line":390,"column":null}},"132":{"start":{"line":391,"column":4},"end":{"line":391,"column":null}},"133":{"start":{"line":392,"column":4},"end":{"line":392,"column":null}},"134":{"start":{"line":393,"column":4},"end":{"line":393,"column":null}},"135":{"start":{"line":394,"column":4},"end":{"line":396,"column":null}},"136":{"start":{"line":395,"column":6},"end":{"line":395,"column":null}},"137":{"start":{"line":397,"column":4},"end":{"line":401,"column":null}},"138":{"start":{"line":398,"column":6},"end":{"line":398,"column":null}},"139":{"start":{"line":399,"column":6},"end":{"line":399,"column":null}},"140":{"start":{"line":400,"column":6},"end":{"line":400,"column":null}},"141":{"start":{"line":413,"column":2},"end":{"line":417,"column":null}},"142":{"start":{"line":414,"column":18},"end":{"line":414,"column":null}},"143":{"start":{"line":415,"column":4},"end":{"line":415,"column":null}},"144":{"start":{"line":415,"column":34},"end":{"line":415,"column":null}},"145":{"start":{"line":416,"column":4},"end":{"line":416,"column":null}},"146":{"start":{"line":418,"column":2},"end":{"line":418,"column":null}},"147":{"start":{"line":429,"column":2},"end":{"line":433,"column":null}},"148":{"start":{"line":430,"column":21},"end":{"line":430,"column":null}},"149":{"start":{"line":431,"column":4},"end":{"line":431,"column":null}},"150":{"start":{"line":431,"column":59},"end":{"line":431,"column":null}},"151":{"start":{"line":432,"column":4},"end":{"line":432,"column":null}},"152":{"start":{"line":434,"column":2},"end":{"line":434,"column":null}}},"fnMap":{"0":{"name":"isLoopbackAddress","decl":{"start":{"line":58,"column":16},"end":{"line":58,"column":34}},"loc":{"start":{"line":58,"column":72},"end":{"line":60,"column":null}},"line":58},"1":{"name":"constructor","decl":{"start":{"line":64,"column":2},"end":{"line":64,"column":null}},"loc":{"start":{"line":67,"column":4},"end":{"line":70,"column":null}},"line":67},"2":{"name":"sendFrame","decl":{"start":{"line":114,"column":9},"end":{"line":114,"column":19}},"loc":{"start":{"line":114,"column":60},"end":{"line":119,"column":null}},"line":114},"3":{"name":"messageToText","decl":{"start":{"line":128,"column":16},"end":{"line":128,"column":30}},"loc":{"start":{"line":128,"column":77},"end":{"line":132,"column":null}},"line":128},"4":{"name":"constructor_2","decl":{"start":{"line":144,"column":2},"end":{"line":144,"column":14}},"loc":{"start":{"line":144,"column":55},"end":{"line":144,"column":null}},"line":144},"5":{"name":"handleUpgrade","decl":{"start":{"line":152,"column":2},"end":{"line":152,"column":16}},"loc":{"start":{"line":152,"column":74},"end":{"line":156,"column":null}},"line":152},"6":{"name":"(anonymous_6)","decl":{"start":{"line":155,"column":40},"end":{"line":155,"column":47}},"loc":{"start":{"line":155,"column":54},"end":{"line":155,"column":89}},"line":155},"7":{"name":"requestTool","decl":{"start":{"line":168,"column":2},"end":{"line":168,"column":null}},"loc":{"start":{"line":173,"column":22},"end":{"line":210,"column":null}},"line":173},"8":{"name":"(anonymous_8)","decl":{"start":{"line":185,"column":15},"end":{"line":185,"column":33}},"loc":{"start":{"line":185,"column":53},"end":{"line":209,"column":5}},"line":185},"9":{"name":"(anonymous_9)","decl":{"start":{"line":187,"column":12},"end":{"line":187,"column":22}},"loc":{"start":{"line":187,"column":55},"end":{"line":192,"column":null}},"line":187},"10":{"name":"(anonymous_10)","decl":{"start":{"line":193,"column":12},"end":{"line":193,"column":34}},"loc":{"start":{"line":193,"column":34},"end":{"line":195,"column":null}},"line":193},"11":{"name":"(anonymous_11)","decl":{"start":{"line":196,"column":14},"end":{"line":196,"column":31}},"loc":{"start":{"line":196,"column":31},"end":{"line":198,"column":9}},"line":196},"12":{"name":"(anonymous_12)","decl":{"start":{"line":201,"column":90},"end":{"line":201,"column":94}},"loc":{"start":{"line":201,"column":104},"end":{"line":208,"column":7}},"line":201},"13":{"name":"close","decl":{"start":{"line":217,"column":8},"end":{"line":217,"column":31}},"loc":{"start":{"line":217,"column":31},"end":{"line":237,"column":null}},"line":217},"14":{"name":"(anonymous_14)","decl":{"start":{"line":227,"column":14},"end":{"line":227,"column":29}},"loc":{"start":{"line":227,"column":49},"end":{"line":235,"column":5}},"line":227},"15":{"name":"(anonymous_15)","decl":{"start":{"line":228,"column":15},"end":{"line":228,"column":22}},"loc":{"start":{"line":228,"column":32},"end":{"line":234,"column":7}},"line":228},"16":{"name":"hasConnection","decl":{"start":{"line":240,"column":2},"end":{"line":240,"column":27}},"loc":{"start":{"line":240,"column":27},"end":{"line":242,"column":null}},"line":240},"17":{"name":"attach","decl":{"start":{"line":244,"column":2},"end":{"line":244,"column":10}},"loc":{"start":{"line":244,"column":101},"end":{"line":291,"column":null}},"line":244},"18":{"name":"(anonymous_18)","decl":{"start":{"line":245,"column":49},"end":{"line":245,"column":66}},"loc":{"start":{"line":245,"column":66},"end":{"line":247,"column":7}},"line":245},"19":{"name":"(anonymous_19)","decl":{"start":{"line":249,"column":10},"end":{"line":249,"column":23}},"loc":{"start":{"line":249,"column":71},"end":{"line":283,"column":null}},"line":249},"20":{"name":"(anonymous_20)","decl":{"start":{"line":284,"column":10},"end":{"line":284,"column":32}},"loc":{"start":{"line":284,"column":32},"end":{"line":287,"column":null}},"line":284},"21":{"name":"promote","decl":{"start":{"line":294,"column":2},"end":{"line":294,"column":10}},"loc":{"start":{"line":294,"column":74},"end":{"line":319,"column":null}},"line":294},"22":{"name":"(anonymous_22)","decl":{"start":{"line":297,"column":17},"end":{"line":297,"column":35}},"loc":{"start":{"line":297,"column":35},"end":{"line":297,"column":69}},"line":297},"23":{"name":"(anonymous_23)","decl":{"start":{"line":298,"column":18},"end":{"line":298,"column":30}},"loc":{"start":{"line":298,"column":30},"end":{"line":312,"column":7}},"line":298},"24":{"name":"(anonymous_24)","decl":{"start":{"line":315,"column":12},"end":{"line":315,"column":27}},"loc":{"start":{"line":315,"column":27},"end":{"line":318,"column":5}},"line":315},"25":{"name":"handleReadyFrame","decl":{"start":{"line":321,"column":2},"end":{"line":321,"column":10}},"loc":{"start":{"line":321,"column":53},"end":{"line":341,"column":null}},"line":321},"26":{"name":"handleRpc","decl":{"start":{"line":343,"column":16},"end":{"line":343,"column":26}},"loc":{"start":{"line":343,"column":84},"end":{"line":376,"column":null}},"line":343},"27":{"name":"settleTool","decl":{"start":{"line":378,"column":2},"end":{"line":378,"column":10}},"loc":{"start":{"line":378,"column":70},"end":{"line":385,"column":null}},"line":378},"28":{"name":"replaceConnection","decl":{"start":{"line":388,"column":2},"end":{"line":388,"column":10}},"loc":{"start":{"line":388,"column":36},"end":{"line":402,"column":null}},"line":388},"29":{"name":"payloadCode","decl":{"start":{"line":412,"column":16},"end":{"line":412,"column":28}},"loc":{"start":{"line":412,"column":61},"end":{"line":419,"column":null}},"line":412},"30":{"name":"payloadMessage","decl":{"start":{"line":428,"column":16},"end":{"line":428,"column":31}},"loc":{"start":{"line":428,"column":57},"end":{"line":435,"column":null}},"line":428}},"branchMap":{"0":{"loc":{"start":{"line":59,"column":9},"end":{"line":59,"column":null}},"type":"binary-expr","locations":[{"start":{"line":59,"column":9},"end":{"line":59,"column":36}},{"start":{"line":59,"column":36},"end":{"line":59,"column":57}},{"start":{"line":59,"column":57},"end":{"line":59,"column":null}}],"line":59},"1":{"loc":{"start":{"line":129,"column":2},"end":{"line":129,"column":null}},"type":"if","locations":[{"start":{"line":129,"column":2},"end":{"line":129,"column":null}},{"start":{},"end":{}}],"line":129},"2":{"loc":{"start":{"line":130,"column":2},"end":{"line":130,"column":null}},"type":"if","locations":[{"start":{"line":130,"column":2},"end":{"line":130,"column":null}},{"start":{},"end":{}}],"line":130},"3":{"loc":{"start":{"line":153,"column":19},"end":{"line":153,"column":null}},"type":"binary-expr","locations":[{"start":{"line":153,"column":19},"end":{"line":153,"column":54}},{"start":{"line":153,"column":54},"end":{"line":153,"column":null}}],"line":153},"4":{"loc":{"start":{"line":172,"column":4},"end":{"line":172,"column":null}},"type":"default-arg","locations":[{"start":{"line":172,"column":24},"end":{"line":172,"column":null}}],"line":172},"5":{"loc":{"start":{"line":175,"column":4},"end":{"line":177,"column":null}},"type":"if","locations":[{"start":{"line":175,"column":4},"end":{"line":177,"column":null}},{"start":{},"end":{}}],"line":175},"6":{"loc":{"start":{"line":181,"column":4},"end":{"line":183,"column":null}},"type":"if","locations":[{"start":{"line":181,"column":4},"end":{"line":183,"column":null}},{"start":{},"end":{}}],"line":181},"7":{"loc":{"start":{"line":220,"column":4},"end":{"line":220,"column":null}},"type":"if","locations":[{"start":{"line":220,"column":4},"end":{"line":220,"column":null}},{"start":{},"end":{}}],"line":220},"8":{"loc":{"start":{"line":223,"column":18},"end":{"line":223,"column":null}},"type":"cond-expr","locations":[{"start":{"line":223,"column":42},"end":{"line":223,"column":47}},{"start":{"line":223,"column":47},"end":{"line":223,"column":null}}],"line":223},"9":{"loc":{"start":{"line":247,"column":7},"end":{"line":247,"column":51}},"type":"binary-expr","locations":[{"start":{"line":247,"column":7},"end":{"line":247,"column":35}},{"start":{"line":247,"column":35},"end":{"line":247,"column":51}}],"line":247},"10":{"loc":{"start":{"line":252,"column":6},"end":{"line":255,"column":null}},"type":"if","locations":[{"start":{"line":252,"column":6},"end":{"line":255,"column":null}},{"start":{},"end":{}}],"line":252},"11":{"loc":{"start":{"line":256,"column":6},"end":{"line":281,"column":null}},"type":"if","locations":[{"start":{"line":256,"column":6},"end":{"line":281,"column":null}},{"start":{},"end":{}}],"line":256},"12":{"loc":{"start":{"line":258,"column":8},"end":{"line":261,"column":null}},"type":"if","locations":[{"start":{"line":258,"column":8},"end":{"line":261,"column":null}},{"start":{},"end":{}}],"line":258},"13":{"loc":{"start":{"line":270,"column":32},"end":{"line":272,"column":null}},"type":"binary-expr","locations":[{"start":{"line":270,"column":32},"end":{"line":270,"column":null}},{"start":{"line":271,"column":13},"end":{"line":271,"column":null}},{"start":{"line":272,"column":13},"end":{"line":272,"column":null}}],"line":270},"14":{"loc":{"start":{"line":273,"column":8},"end":{"line":276,"column":null}},"type":"if","locations":[{"start":{"line":273,"column":8},"end":{"line":276,"column":null}},{"start":{},"end":{}}],"line":273},"15":{"loc":{"start":{"line":273,"column":12},"end":{"line":273,"column":76}},"type":"binary-expr","locations":[{"start":{"line":273,"column":12},"end":{"line":273,"column":32}},{"start":{"line":273,"column":32},"end":{"line":273,"column":76}}],"line":273},"16":{"loc":{"start":{"line":285,"column":6},"end":{"line":285,"column":null}},"type":"if","locations":[{"start":{"line":285,"column":6},"end":{"line":285,"column":null}},{"start":{},"end":{}}],"line":285},"17":{"loc":{"start":{"line":286,"column":6},"end":{"line":286,"column":null}},"type":"if","locations":[{"start":{"line":286,"column":6},"end":{"line":286,"column":null}},{"start":{},"end":{}}],"line":286},"18":{"loc":{"start":{"line":286,"column":10},"end":{"line":286,"column":59}},"type":"binary-expr","locations":[{"start":{"line":286,"column":10},"end":{"line":286,"column":35}},{"start":{"line":286,"column":35},"end":{"line":286,"column":59}}],"line":286},"19":{"loc":{"start":{"line":297,"column":69},"end":{"line":297,"column":113}},"type":"binary-expr","locations":[{"start":{"line":297,"column":69},"end":{"line":297,"column":97}},{"start":{"line":297,"column":97},"end":{"line":297,"column":113}}],"line":297},"20":{"loc":{"start":{"line":301,"column":10},"end":{"line":301,"column":null}},"type":"if","locations":[{"start":{"line":301,"column":10},"end":{"line":301,"column":null}},{"start":{},"end":{}}],"line":301},"21":{"loc":{"start":{"line":308,"column":8},"end":{"line":310,"column":null}},"type":"if","locations":[{"start":{"line":308,"column":8},"end":{"line":310,"column":null}},{"start":{},"end":{}}],"line":308},"22":{"loc":{"start":{"line":308,"column":12},"end":{"line":308,"column":71}},"type":"binary-expr","locations":[{"start":{"line":308,"column":12},"end":{"line":308,"column":37}},{"start":{"line":308,"column":37},"end":{"line":308,"column":71}}],"line":308},"23":{"loc":{"start":{"line":322,"column":4},"end":{"line":340,"column":null}},"type":"switch","locations":[{"start":{"line":323,"column":6},"end":{"line":325,"column":null}},{"start":{"line":326,"column":6},"end":{"line":328,"column":null}},{"start":{"line":329,"column":6},"end":{"line":329,"column":null}},{"start":{"line":330,"column":6},"end":{"line":330,"column":null}},{"start":{"line":331,"column":6},"end":{"line":331,"column":null}},{"start":{"line":332,"column":6},"end":{"line":332,"column":null}},{"start":{"line":333,"column":6},"end":{"line":333,"column":null}},{"start":{"line":334,"column":6},"end":{"line":334,"column":null}},{"start":{"line":335,"column":6},"end":{"line":335,"column":null}},{"start":{"line":336,"column":6},"end":{"line":339,"column":null}}],"line":322},"24":{"loc":{"start":{"line":327,"column":44},"end":{"line":327,"column":81}},"type":"cond-expr","locations":[{"start":{"line":327,"column":55},"end":{"line":327,"column":70}},{"start":{"line":327,"column":70},"end":{"line":327,"column":81}}],"line":327},"25":{"loc":{"start":{"line":348,"column":22},"end":{"line":348,"column":null}},"type":"binary-expr","locations":[{"start":{"line":348,"column":22},"end":{"line":348,"column":62}},{"start":{"line":348,"column":62},"end":{"line":348,"column":null}}],"line":348},"26":{"loc":{"start":{"line":349,"column":4},"end":{"line":352,"column":null}},"type":"if","locations":[{"start":{"line":349,"column":4},"end":{"line":352,"column":null}},{"start":{},"end":{}}],"line":349},"27":{"loc":{"start":{"line":362,"column":6},"end":{"line":365,"column":null}},"type":"if","locations":[{"start":{"line":362,"column":6},"end":{"line":365,"column":null}},{"start":{},"end":{}}],"line":362},"28":{"loc":{"start":{"line":380,"column":4},"end":{"line":380,"column":null}},"type":"if","locations":[{"start":{"line":380,"column":4},"end":{"line":380,"column":null}},{"start":{},"end":{}}],"line":380},"29":{"loc":{"start":{"line":383,"column":4},"end":{"line":384,"column":null}},"type":"if","locations":[{"start":{"line":383,"column":4},"end":{"line":384,"column":null}},{"start":{"line":384,"column":9},"end":{"line":384,"column":null}}],"line":383},"30":{"loc":{"start":{"line":390,"column":4},"end":{"line":390,"column":null}},"type":"if","locations":[{"start":{"line":390,"column":4},"end":{"line":390,"column":null}},{"start":{},"end":{}}],"line":390},"31":{"loc":{"start":{"line":394,"column":4},"end":{"line":396,"column":null}},"type":"if","locations":[{"start":{"line":394,"column":4},"end":{"line":396,"column":null}},{"start":{},"end":{}}],"line":394},"32":{"loc":{"start":{"line":394,"column":8},"end":{"line":394,"column":94}},"type":"binary-expr","locations":[{"start":{"line":394,"column":8},"end":{"line":394,"column":49}},{"start":{"line":394,"column":49},"end":{"line":394,"column":94}}],"line":394},"33":{"loc":{"start":{"line":413,"column":2},"end":{"line":417,"column":null}},"type":"if","locations":[{"start":{"line":413,"column":2},"end":{"line":417,"column":null}},{"start":{},"end":{}}],"line":413},"34":{"loc":{"start":{"line":413,"column":6},"end":{"line":413,"column":55}},"type":"binary-expr","locations":[{"start":{"line":413,"column":6},"end":{"line":413,"column":37}},{"start":{"line":413,"column":37},"end":{"line":413,"column":55}}],"line":413},"35":{"loc":{"start":{"line":415,"column":4},"end":{"line":415,"column":null}},"type":"if","locations":[{"start":{"line":415,"column":4},"end":{"line":415,"column":null}},{"start":{},"end":{}}],"line":415},"36":{"loc":{"start":{"line":429,"column":2},"end":{"line":433,"column":null}},"type":"if","locations":[{"start":{"line":429,"column":2},"end":{"line":433,"column":null}},{"start":{},"end":{}}],"line":429},"37":{"loc":{"start":{"line":429,"column":6},"end":{"line":429,"column":55}},"type":"binary-expr","locations":[{"start":{"line":429,"column":6},"end":{"line":429,"column":37}},{"start":{"line":429,"column":37},"end":{"line":429,"column":55}}],"line":429},"38":{"loc":{"start":{"line":431,"column":4},"end":{"line":431,"column":null}},"type":"if","locations":[{"start":{"line":431,"column":4},"end":{"line":431,"column":null}},{"start":{},"end":{}}],"line":431},"39":{"loc":{"start":{"line":431,"column":8},"end":{"line":431,"column":59}},"type":"binary-expr","locations":[{"start":{"line":431,"column":8},"end":{"line":431,"column":39}},{"start":{"line":431,"column":39},"end":{"line":431,"column":59}}],"line":431}},"s":{"0":4,"1":35,"2":9,"3":9,"4":9,"5":99,"6":52,"7":1,"8":51,"9":50,"10":1,"11":35,"12":35,"13":35,"14":35,"15":35,"16":31,"17":31,"18":31,"19":31,"20":10,"21":10,"22":2,"23":8,"24":1,"25":7,"26":7,"27":7,"28":2,"29":2,"30":2,"31":2,"32":7,"33":1,"34":7,"35":1,"36":7,"37":7,"38":7,"39":35,"40":2,"41":33,"42":33,"43":35,"44":35,"45":21,"46":33,"47":33,"48":33,"49":33,"50":4,"51":31,"52":1,"53":31,"54":49,"55":49,"56":49,"57":1,"58":1,"59":48,"60":30,"61":1,"62":1,"63":29,"64":30,"65":3,"66":3,"67":26,"68":26,"69":26,"70":26,"71":18,"72":31,"73":31,"74":5,"75":31,"76":6,"77":31,"78":31,"79":31,"80":26,"81":26,"82":26,"83":1,"84":26,"85":26,"86":26,"87":59,"88":1,"89":58,"90":2,"91":1,"92":26,"93":26,"94":26,"95":26,"96":26,"97":18,"98":13,"99":13,"100":3,"101":3,"102":2,"103":13,"104":13,"105":13,"106":1,"107":1,"108":12,"109":12,"110":12,"111":12,"112":11,"113":11,"114":1,"115":1,"116":10,"117":10,"118":1,"119":10,"120":1,"121":3,"122":3,"123":1,"124":2,"125":2,"126":2,"127":2,"128":1,"129":65,"130":65,"131":39,"132":26,"133":26,"134":26,"135":26,"136":19,"137":26,"138":3,"139":3,"140":3,"141":5,"142":3,"143":3,"144":2,"145":1,"146":2,"147":5,"148":4,"149":4,"150":2,"151":2,"152":1},"f":{"0":35,"1":9,"2":99,"3":52,"4":35,"5":31,"6":31,"7":10,"8":7,"9":2,"10":1,"11":1,"12":7,"13":35,"14":33,"15":33,"16":4,"17":31,"18":1,"19":49,"20":31,"21":26,"22":1,"23":26,"24":26,"25":18,"26":13,"27":3,"28":65,"29":5,"30":5},"b":{"0":[35,7,6],"1":[1,51],"2":[50,1],"3":[31,29],"4":[10],"5":[2,8],"6":[1,7],"7":[2,33],"8":[14,19],"9":[31,30],"10":[1,48],"11":[30,18],"12":[1,29],"13":[29,27,5],"14":[3,27],"15":[30,25],"16":[5,26],"17":[6,25],"18":[31,7],"19":[26,25],"20":[1,58],"21":[1,1],"22":[2,1],"23":[13,3,1,2,2,2,2,2,2,2],"24":[2,1],"25":[13,1],"26":[1,12],"27":[1,10],"28":[1,2],"29":[1,1],"30":[39,26],"31":[19,7],"32":[26,7],"33":[3,2],"34":[5,4],"35":[2,1],"36":[4,1],"37":[5,4],"38":[2,2],"39":[4,3]},"meta":{"lastBranch":40,"lastFunction":31,"lastStatement":153,"seen":{"s:44:27:55:Infinity":0,"f:58:16:58:34":0,"s:59:2:59:Infinity":1,"b:59:9:59:36:59:36:59:57:59:57:59:Infinity":0,"f:64:2:64:Infinity":1,"s:68:4:68:Infinity":2,"s:65:13:65:Infinity":3,"s:69:4:69:Infinity":4,"f:114:9:114:19":2,"s:118:2:118:Infinity":5,"f:128:16:128:30":3,"b:129:2:129:Infinity:undefined:undefined:undefined:undefined":1,"s:129:2:129:Infinity":6,"s:129:27:129:Infinity":7,"b:130:2:130:Infinity:undefined:undefined:undefined:undefined":2,"s:130:2:130:Infinity":8,"s:130:29:130:Infinity":9,"s:131:2:131:Infinity":10,"s:139:25:139:Infinity":11,"s:140:44:140:Infinity":12,"s:141:34:141:Infinity":13,"s:142:19:142:Infinity":14,"f:144:2:144:14":4,"s:144:31:144:55":15,"f:152:2:152:16":5,"s:153:19:153:Infinity":16,"b:153:19:153:54:153:54:153:Infinity":3,"s:154:19:154:Infinity":17,"s:155:4:155:Infinity":18,"f:155:40:155:47":6,"s:155:56:155:88":19,"f:168:2:168:Infinity":7,"b:172:24:172:Infinity":4,"s:174:17:174:Infinity":20,"b:175:4:177:Infinity:undefined:undefined:undefined:undefined":5,"s:175:4:177:Infinity":21,"s:176:6:176:Infinity":22,"b:181:4:183:Infinity:undefined:undefined:undefined:undefined":6,"s:181:4:183:Infinity":23,"s:182:6:182:Infinity":24,"s:184:10:184:Infinity":25,"s:185:4:209:Infinity":26,"f:185:15:185:33":8,"s:187:12:192:Infinity":27,"f:187:12:187:22":9,"s:188:8:188:Infinity":28,"s:189:8:189:Infinity":29,"s:190:8:190:Infinity":30,"s:191:8:191:Infinity":31,"s:193:12:195:Infinity":32,"f:193:12:193:34":10,"s:194:8:194:Infinity":33,"s:196:6:198:Infinity":34,"f:196:14:196:31":11,"s:197:8:197:Infinity":35,"s:199:6:199:Infinity":36,"s:200:6:200:Infinity":37,"s:201:6:208:Infinity":38,"f:201:90:201:94":12,"f:217:8:217:31":13,"b:220:4:220:Infinity:undefined:undefined:undefined:undefined":7,"s:220:4:220:Infinity":39,"s:220:21:220:Infinity":40,"s:221:4:221:Infinity":41,"s:223:18:223:Infinity":42,"b:223:42:223:47:223:47:223:Infinity":8,"s:224:4:224:Infinity":43,"s:225:4:225:Infinity":44,"s:225:43:225:Infinity":45,"s:226:4:226:Infinity":46,"s:227:4:235:Infinity":47,"f:227:14:227:29":14,"s:228:6:234:Infinity":48,"f:228:15:228:22":15,"s:236:4:236:Infinity":49,"f:240:2:240:27":16,"s:241:4:241:Infinity":50,"f:244:2:244:10":17,"s:245:49:247:Infinity":51,"f:245:49:245:66":18,"s:246:6:246:Infinity":52,"b:247:7:247:35:247:35:247:51":9,"s:249:10:283:Infinity":53,"f:249:10:249:23":19,"s:250:19:250:Infinity":54,"s:251:12:251:Infinity":55,"b:252:6:255:Infinity:undefined:undefined:undefined:undefined":10,"s:252:6:255:Infinity":56,"s:253:8:253:Infinity":57,"s:254:8:254:Infinity":58,"b:256:6:281:Infinity:undefined:undefined:undefined:undefined":11,"s:256:6:281:Infinity":59,"b:258:8:261:Infinity:undefined:undefined:undefined:undefined":12,"s:258:8:261:Infinity":60,"s:259:10:259:Infinity":61,"s:260:10:260:Infinity":62,"s:270:32:272:Infinity":63,"b:270:32:270:Infinity:271:13:271:Infinity:272:13:272:Infinity":13,"b:273:8:276:Infinity:undefined:undefined:undefined:undefined":14,"s:273:8:276:Infinity":64,"b:273:12:273:32:273:32:273:76":15,"s:274:10:274:Infinity":65,"s:275:10:275:Infinity":66,"s:277:8:277:Infinity":67,"s:278:8:278:Infinity":68,"s:279:8:279:Infinity":69,"s:280:8:280:Infinity":70,"s:282:6:282:Infinity":71,"s:284:10:287:Infinity":72,"f:284:10:284:32":20,"b:285:6:285:Infinity:undefined:undefined:undefined:undefined":16,"s:285:6:285:Infinity":73,"s:285:36:285:Infinity":74,"b:286:6:286:Infinity:undefined:undefined:undefined:undefined":17,"s:286:6:286:Infinity":75,"b:286:10:286:35:286:35:286:59":18,"s:286:59:286:Infinity":76,"s:288:4:288:Infinity":77,"s:289:4:289:Infinity":78,"s:290:4:290:Infinity":79,"f:294:2:294:10":21,"s:295:4:295:Infinity":80,"s:296:18:296:Infinity":81,"s:297:17:297:Infinity":82,"f:297:17:297:35":22,"s:297:37:297:66":83,"b:297:69:297:97:297:97:297:113":19,"s:298:10:312:Infinity":84,"f:298:18:298:30":23,"s:299:6:311:Infinity":85,"s:300:8:306:Infinity":86,"b:301:10:301:Infinity:undefined:undefined:undefined:undefined":20,"s:301:10:301:Infinity":87,"s:301:48:301:Infinity":88,"s:302:10:305:Infinity":89,"b:308:8:310:Infinity:undefined:undefined:undefined:undefined":21,"s:308:8:310:Infinity":90,"b:308:12:308:37:308:37:308:71":22,"s:309:10:309:Infinity":91,"s:313:4:313:Infinity":92,"s:314:4:314:Infinity":93,"s:315:4:318:Infinity":94,"f:315:12:315:27":24,"s:316:6:316:Infinity":95,"s:317:6:317:Infinity":96,"f:321:2:321:10":25,"b:323:6:325:Infinity:326:6:328:Infinity:329:6:329:Infinity:330:6:330:Infinity:331:6:331:Infinity:332:6:332:Infinity:333:6:333:Infinity:334:6:334:Infinity:335:6:335:Infinity:336:6:339:Infinity":23,"s:322:4:340:Infinity":97,"s:324:8:324:Infinity":98,"s:325:8:325:Infinity":99,"s:327:8:327:Infinity":100,"b:327:55:327:70:327:70:327:81":24,"s:328:8:328:Infinity":101,"s:339:8:339:Infinity":102,"f:343:16:343:26":26,"s:344:17:344:Infinity":103,"s:348:22:348:Infinity":104,"b:348:22:348:62:348:62:348:Infinity":25,"b:349:4:352:Infinity:undefined:undefined:undefined:undefined":26,"s:349:4:352:Infinity":105,"s:350:6:350:Infinity":106,"s:351:6:351:Infinity":107,"s:353:17:353:Infinity":108,"s:354:20:358:Infinity":109,"s:359:4:375:Infinity":110,"s:360:23:360:Infinity":111,"s:361:19:361:Infinity":112,"b:362:6:365:Infinity:undefined:undefined:undefined:undefined":27,"s:362:6:365:Infinity":113,"s:363:8:363:Infinity":114,"s:364:8:364:Infinity":115,"s:367:6:371:Infinity":116,"s:368:8:368:Infinity":117,"s:370:8:370:Infinity":118,"s:372:6:372:Infinity":119,"s:374:6:374:Infinity":120,"f:378:2:378:10":27,"s:379:20:379:Infinity":121,"b:380:4:380:Infinity:undefined:undefined:undefined:undefined":28,"s:380:4:380:Infinity":122,"s:380:31:380:Infinity":123,"s:381:4:381:Infinity":124,"s:382:4:382:Infinity":125,"b:383:4:384:Infinity:384:9:384:Infinity":29,"s:383:4:384:Infinity":126,"s:383:12:383:Infinity":127,"s:384:9:384:Infinity":128,"f:388:2:388:10":28,"s:389:17:389:Infinity":129,"b:390:4:390:Infinity:undefined:undefined:undefined:undefined":30,"s:390:4:390:Infinity":130,"s:390:23:390:Infinity":131,"s:391:4:391:Infinity":132,"s:392:4:392:Infinity":133,"s:393:4:393:Infinity":134,"b:394:4:396:Infinity:undefined:undefined:undefined:undefined":31,"s:394:4:396:Infinity":135,"b:394:8:394:49:394:49:394:94":32,"s:395:6:395:Infinity":136,"s:397:4:401:Infinity":137,"s:398:6:398:Infinity":138,"s:399:6:399:Infinity":139,"s:400:6:400:Infinity":140,"f:412:16:412:28":29,"b:413:2:417:Infinity:undefined:undefined:undefined:undefined":33,"s:413:2:417:Infinity":141,"b:413:6:413:37:413:37:413:55":34,"s:414:18:414:Infinity":142,"b:415:4:415:Infinity:undefined:undefined:undefined:undefined":35,"s:415:4:415:Infinity":143,"s:415:34:415:Infinity":144,"s:416:4:416:Infinity":145,"s:418:2:418:Infinity":146,"f:428:16:428:31":30,"b:429:2:433:Infinity:undefined:undefined:undefined:undefined":36,"s:429:2:433:Infinity":147,"b:429:6:429:37:429:37:429:55":37,"s:430:21:430:Infinity":148,"b:431:4:431:Infinity:undefined:undefined:undefined:undefined":38,"s:431:4:431:Infinity":149,"b:431:8:431:39:431:39:431:59":39,"s:431:59:431:Infinity":150,"s:432:4:432:Infinity":151,"s:434:2:434:Infinity":152},"fnNames":{}}}
,"/Users/yuxianglin/Desktop/test-Lum1104/dsh-browser/packages/browser/bridge-browser/src/session-deferral.ts": {"path":"/Users/yuxianglin/Desktop/test-Lum1104/dsh-browser/packages/browser/bridge-browser/src/session-deferral.ts","statementMap":{"0":{"start":{"line":21,"column":27},"end":{"line":21,"column":null}},"1":{"start":{"line":43,"column":2},"end":{"line":43,"column":null}},"2":{"start":{"line":43,"column":16},"end":{"line":43,"column":null}},"3":{"start":{"line":45,"column":22},"end":{"line":45,"column":null}},"4":{"start":{"line":46,"column":24},"end":{"line":46,"column":null}},"5":{"start":{"line":48,"column":8},"end":{"line":53,"column":null}},"6":{"start":{"line":49,"column":19},"end":{"line":49,"column":null}},"7":{"start":{"line":50,"column":4},"end":{"line":52,"column":null}},"8":{"start":{"line":51,"column":6},"end":{"line":51,"column":null}},"9":{"start":{"line":51,"column":36},"end":{"line":51,"column":null}},"10":{"start":{"line":55,"column":8},"end":{"line":56,"column":null}},"11":{"start":{"line":56,"column":4},"end":{"line":56,"column":null}},"12":{"start":{"line":58,"column":2},"end":{"line":98,"column":null}},"13":{"start":{"line":63,"column":8},"end":{"line":63,"column":null}},"14":{"start":{"line":64,"column":26},"end":{"line":64,"column":null}},"15":{"start":{"line":65,"column":8},"end":{"line":65,"column":null}},"16":{"start":{"line":66,"column":8},"end":{"line":66,"column":null}},"17":{"start":{"line":69,"column":8},"end":{"line":69,"column":null}},"18":{"start":{"line":69,"column":57},"end":{"line":69,"column":null}},"19":{"start":{"line":70,"column":8},"end":{"line":70,"column":null}},"20":{"start":{"line":73,"column":22},"end":{"line":73,"column":null}},"21":{"start":{"line":74,"column":8},"end":{"line":74,"column":null}},"22":{"start":{"line":74,"column":33},"end":{"line":74,"column":null}},"23":{"start":{"line":75,"column":25},"end":{"line":75,"column":null}},"24":{"start":{"line":76,"column":24},"end":{"line":79,"column":null}},"25":{"start":{"line":80,"column":8},"end":{"line":86,"column":null}},"26":{"start":{"line":81,"column":10},"end":{"line":81,"column":null}},"27":{"start":{"line":82,"column":10},"end":{"line":85,"column":null}},"28":{"start":{"line":83,"column":20},"end":{"line":83,"column":68}},"29":{"start":{"line":84,"column":20},"end":{"line":84,"column":68}},"30":{"start":{"line":87,"column":24},"end":{"line":87,"column":null}},"31":{"start":{"line":88,"column":8},"end":{"line":93,"column":null}},"32":{"start":{"line":92,"column":10},"end":{"line":92,"column":null}},"33":{"start":{"line":94,"column":8},"end":{"line":94,"column":null}},"34":{"start":{"line":95,"column":8},"end":{"line":95,"column":null}}},"fnMap":{"0":{"name":"withSessionDeferral","decl":{"start":{"line":42,"column":16},"end":{"line":42,"column":36}},"loc":{"start":{"line":42,"column":79},"end":{"line":99,"column":null}},"line":42},"1":{"name":"(anonymous_1)","decl":{"start":{"line":48,"column":8},"end":{"line":48,"column":28}},"loc":{"start":{"line":48,"column":28},"end":{"line":53,"column":null}},"line":48},"2":{"name":"(anonymous_2)","decl":{"start":{"line":55,"column":8},"end":{"line":55,"column":20}},"loc":{"start":{"line":56,"column":4},"end":{"line":56,"column":null}},"line":56},"3":{"name":"create","decl":{"start":{"line":62,"column":12},"end":{"line":62,"column":19}},"loc":{"start":{"line":62,"column":43},"end":{"line":67,"column":null}},"line":62},"4":{"name":"history","decl":{"start":{"line":68,"column":12},"end":{"line":68,"column":20}},"loc":{"start":{"line":68,"column":45},"end":{"line":71,"column":null}},"line":68},"5":{"name":"prompt","decl":{"start":{"line":72,"column":12},"end":{"line":72,"column":19}},"loc":{"start":{"line":72,"column":43},"end":{"line":96,"column":null}},"line":72},"6":{"name":"(anonymous_6)","decl":{"start":{"line":82,"column":23},"end":{"line":82,"column":null}},"loc":{"start":{"line":83,"column":18},"end":{"line":83,"column":null}},"line":83},"7":{"name":"(anonymous_7)","decl":{"start":{"line":83,"column":68},"end":{"line":83,"column":null}},"loc":{"start":{"line":84,"column":18},"end":{"line":84,"column":null}},"line":84}},"branchMap":{"0":{"loc":{"start":{"line":43,"column":2},"end":{"line":43,"column":null}},"type":"if","locations":[{"start":{"line":43,"column":2},"end":{"line":43,"column":null}},{"start":{},"end":{}}],"line":43},"1":{"loc":{"start":{"line":51,"column":6},"end":{"line":51,"column":null}},"type":"if","locations":[{"start":{"line":51,"column":6},"end":{"line":51,"column":null}},{"start":{},"end":{}}],"line":51},"2":{"loc":{"start":{"line":56,"column":4},"end":{"line":56,"column":null}},"type":"binary-expr","locations":[{"start":{"line":56,"column":4},"end":{"line":56,"column":25}},{"start":{"line":56,"column":25},"end":{"line":56,"column":null}}],"line":56},"3":{"loc":{"start":{"line":69,"column":8},"end":{"line":69,"column":null}},"type":"if","locations":[{"start":{"line":69,"column":8},"end":{"line":69,"column":null}},{"start":{},"end":{}}],"line":69},"4":{"loc":{"start":{"line":74,"column":8},"end":{"line":74,"column":null}},"type":"if","locations":[{"start":{"line":74,"column":8},"end":{"line":74,"column":null}},{"start":{},"end":{}}],"line":74},"5":{"loc":{"start":{"line":76,"column":24},"end":{"line":79,"column":null}},"type":"binary-expr","locations":[{"start":{"line":76,"column":24},"end":{"line":76,"column":36}},{"start":{"line":76,"column":36},"end":{"line":79,"column":null}}],"line":76},"6":{"loc":{"start":{"line":80,"column":8},"end":{"line":86,"column":null}},"type":"if","locations":[{"start":{"line":80,"column":8},"end":{"line":86,"column":null}},{"start":{},"end":{}}],"line":80},"7":{"loc":{"start":{"line":88,"column":8},"end":{"line":93,"column":null}},"type":"if","locations":[{"start":{"line":88,"column":8},"end":{"line":93,"column":null}},{"start":{},"end":{}}],"line":88}},"s":{"0":4,"1":15,"2":3,"3":12,"4":12,"5":12,"6":11,"7":11,"8":2,"9":1,"10":12,"11":11,"12":12,"13":11,"14":11,"15":11,"16":11,"17":7,"18":3,"19":4,"20":9,"21":9,"22":1,"23":8,"24":8,"25":9,"26":7,"27":7,"28":6,"29":1,"30":8,"31":7,"32":1,"33":6,"34":6},"f":{"0":15,"1":11,"2":11,"3":11,"4":7,"5":9,"6":6,"7":1},"b":{"0":[3,12],"1":[1,1],"2":[11,10],"3":[3,4],"4":[1,8],"5":[8,7],"6":[7,2],"7":[1,6]},"meta":{"lastBranch":8,"lastFunction":8,"lastStatement":35,"seen":{"s:21:27:21:Infinity":0,"f:42:16:42:36":0,"b:43:2:43:Infinity:undefined:undefined:undefined:undefined":0,"s:43:2:43:Infinity":1,"s:43:16:43:Infinity":2,"s:45:22:45:Infinity":3,"s:46:24:46:Infinity":4,"s:48:8:53:Infinity":5,"f:48:8:48:28":1,"s:49:19:49:Infinity":6,"s:50:4:52:Infinity":7,"b:51:6:51:Infinity:undefined:undefined:undefined:undefined":1,"s:51:6:51:Infinity":8,"s:51:36:51:Infinity":9,"s:55:8:56:Infinity":10,"f:55:8:55:20":2,"s:56:4:56:Infinity":11,"b:56:4:56:25:56:25:56:Infinity":2,"s:58:2:98:Infinity":12,"f:62:12:62:19":3,"s:63:8:63:Infinity":13,"s:64:26:64:Infinity":14,"s:65:8:65:Infinity":15,"s:66:8:66:Infinity":16,"f:68:12:68:20":4,"b:69:8:69:Infinity:undefined:undefined:undefined:undefined":3,"s:69:8:69:Infinity":17,"s:69:57:69:Infinity":18,"s:70:8:70:Infinity":19,"f:72:12:72:19":5,"s:73:22:73:Infinity":20,"b:74:8:74:Infinity:undefined:undefined:undefined:undefined":4,"s:74:8:74:Infinity":21,"s:74:33:74:Infinity":22,"s:75:25:75:Infinity":23,"s:76:24:79:Infinity":24,"b:76:24:76:36:76:36:79:Infinity":5,"b:80:8:86:Infinity:undefined:undefined:undefined:undefined":6,"s:80:8:86:Infinity":25,"s:81:10:81:Infinity":26,"s:82:10:85:Infinity":27,"f:82:23:82:Infinity":6,"s:83:20:83:68":28,"f:83:68:83:Infinity":7,"s:84:20:84:68":29,"s:87:24:87:Infinity":30,"b:88:8:93:Infinity:undefined:undefined:undefined:undefined":7,"s:88:8:93:Infinity":31,"s:92:10:92:Infinity":32,"s:94:8:94:Infinity":33,"s:95:8:95:Infinity":34},"fnNames":{}}}
,"/Users/yuxianglin/Desktop/test-Lum1104/dsh-browser/packages/browser/bridge-browser/src/session-workspace.ts": {"path":"/Users/yuxianglin/Desktop/test-Lum1104/dsh-browser/packages/browser/bridge-browser/src/session-workspace.ts","statementMap":{"0":{"start":{"line":31,"column":2},"end":{"line":31,"column":null}},"1":{"start":{"line":31,"column":28},"end":{"line":31,"column":null}},"2":{"start":{"line":34,"column":8},"end":{"line":65,"column":null}},"3":{"start":{"line":35,"column":4},"end":{"line":35,"column":null}},"4":{"start":{"line":35,"column":40},"end":{"line":35,"column":null}},"5":{"start":{"line":36,"column":4},"end":{"line":63,"column":null}},"6":{"start":{"line":37,"column":6},"end":{"line":62,"column":null}},"7":{"start":{"line":38,"column":8},"end":{"line":38,"column":null}},"8":{"start":{"line":39,"column":30},"end":{"line":39,"column":null}},"9":{"start":{"line":40,"column":8},"end":{"line":43,"column":null}},"10":{"start":{"line":41,"column":10},"end":{"line":41,"column":null}},"11":{"start":{"line":42,"column":10},"end":{"line":42,"column":null}},"12":{"start":{"line":44,"column":25},"end":{"line":47,"column":null}},"13":{"start":{"line":48,"column":8},"end":{"line":54,"column":null}},"14":{"start":{"line":49,"column":10},"end":{"line":52,"column":null}},"15":{"start":{"line":53,"column":10},"end":{"line":53,"column":null}},"16":{"start":{"line":55,"column":8},"end":{"line":55,"column":null}},"17":{"start":{"line":57,"column":8},"end":{"line":60,"column":null}},"18":{"start":{"line":61,"column":8},"end":{"line":61,"column":null}},"19":{"start":{"line":64,"column":4},"end":{"line":64,"column":null}},"20":{"start":{"line":67,"column":2},"end":{"line":80,"column":null}},"21":{"start":{"line":72,"column":8},"end":{"line":72,"column":null}},"22":{"start":{"line":72,"column":55},"end":{"line":72,"column":null}},"23":{"start":{"line":73,"column":28},"end":{"line":73,"column":null}},"24":{"start":{"line":74,"column":8},"end":{"line":74,"column":null}},"25":{"start":{"line":74,"column":39},"end":{"line":74,"column":null}},"26":{"start":{"line":75,"column":24},"end":{"line":75,"column":null}},"27":{"start":{"line":76,"column":8},"end":{"line":76,"column":null}},"28":{"start":{"line":77,"column":8},"end":{"line":77,"column":null}}},"fnMap":{"0":{"name":"withSessionWorkspace","decl":{"start":{"line":26,"column":16},"end":{"line":26,"column":null}},"loc":{"start":{"line":30,"column":12},"end":{"line":81,"column":null}},"line":30},"1":{"name":"(anonymous_1)","decl":{"start":{"line":34,"column":8},"end":{"line":34,"column":66}},"loc":{"start":{"line":34,"column":66},"end":{"line":65,"column":null}},"line":34},"2":{"name":"(anonymous_2)","decl":{"start":{"line":36,"column":24},"end":{"line":36,"column":36}},"loc":{"start":{"line":36,"column":36},"end":{"line":63,"column":7}},"line":36},"3":{"name":"create","decl":{"start":{"line":71,"column":12},"end":{"line":71,"column":19}},"loc":{"start":{"line":71,"column":28},"end":{"line":78,"column":null}},"line":71}},"branchMap":{"0":{"loc":{"start":{"line":31,"column":2},"end":{"line":31,"column":null}},"type":"if","locations":[{"start":{"line":31,"column":2},"end":{"line":31,"column":null}},{"start":{},"end":{}}],"line":31},"1":{"loc":{"start":{"line":35,"column":4},"end":{"line":35,"column":null}},"type":"if","locations":[{"start":{"line":35,"column":4},"end":{"line":35,"column":null}},{"start":{},"end":{}}],"line":35},"2":{"loc":{"start":{"line":40,"column":8},"end":{"line":43,"column":null}},"type":"if","locations":[{"start":{"line":40,"column":8},"end":{"line":43,"column":null}},{"start":{},"end":{}}],"line":40},"3":{"loc":{"start":{"line":48,"column":8},"end":{"line":54,"column":null}},"type":"if","locations":[{"start":{"line":48,"column":8},"end":{"line":54,"column":null}},{"start":{},"end":{}}],"line":48},"4":{"loc":{"start":{"line":72,"column":8},"end":{"line":72,"column":null}},"type":"if","locations":[{"start":{"line":72,"column":8},"end":{"line":72,"column":null}},{"start":{},"end":{}}],"line":72},"5":{"loc":{"start":{"line":74,"column":8},"end":{"line":74,"column":null}},"type":"if","locations":[{"start":{"line":74,"column":8},"end":{"line":74,"column":null}},{"start":{},"end":{}}],"line":74}},"s":{"0":11,"1":2,"2":9,"3":9,"4":3,"5":6,"6":6,"7":6,"8":6,"9":6,"10":1,"11":1,"12":5,"13":4,"14":2,"15":2,"16":2,"17":1,"18":1,"19":6,"20":9,"21":10,"22":1,"23":9,"24":9,"25":6,"26":3,"27":3,"28":3},"f":{"0":11,"1":9,"2":6,"3":10},"b":{"0":[2,9],"1":[3,6],"2":[1,5],"3":[2,2],"4":[1,9],"5":[6,3]},"meta":{"lastBranch":6,"lastFunction":4,"lastStatement":29,"seen":{"f:26:16:26:Infinity":0,"b:31:2:31:Infinity:undefined:undefined:undefined:undefined":0,"s:31:2:31:Infinity":0,"s:31:28:31:Infinity":1,"s:34:8:65:Infinity":2,"f:34:8:34:66":1,"b:35:4:35:Infinity:undefined:undefined:undefined:undefined":1,"s:35:4:35:Infinity":3,"s:35:40:35:Infinity":4,"s:36:4:63:Infinity":5,"f:36:24:36:36":2,"s:37:6:62:Infinity":6,"s:38:8:38:Infinity":7,"s:39:30:39:Infinity":8,"b:40:8:43:Infinity:undefined:undefined:undefined:undefined":2,"s:40:8:43:Infinity":9,"s:41:10:41:Infinity":10,"s:42:10:42:Infinity":11,"s:44:25:47:Infinity":12,"b:48:8:54:Infinity:undefined:undefined:undefined:undefined":3,"s:48:8:54:Infinity":13,"s:49:10:52:Infinity":14,"s:53:10:53:Infinity":15,"s:55:8:55:Infinity":16,"s:57:8:60:Infinity":17,"s:61:8:61:Infinity":18,"s:64:4:64:Infinity":19,"s:67:2:80:Infinity":20,"f:71:12:71:19":3,"b:72:8:72:Infinity:undefined:undefined:undefined:undefined":4,"s:72:8:72:Infinity":21,"s:72:55:72:Infinity":22,"s:73:28:73:Infinity":23,"b:74:8:74:Infinity:undefined:undefined:undefined:undefined":5,"s:74:8:74:Infinity":24,"s:74:39:74:Infinity":25,"s:75:24:75:Infinity":26,"s:76:8:76:Infinity":27,"s:77:8:77:Infinity":28},"fnNames":{}}}
,"/Users/yuxianglin/Desktop/test-Lum1104/dsh-browser/packages/browser/bridge-browser/src/token.ts": {"path":"/Users/yuxianglin/Desktop/test-Lum1104/dsh-browser/packages/browser/bridge-browser/src/token.ts","statementMap":{"0":{"start":{"line":18,"column":31},"end":{"line":18,"column":null}},"1":{"start":{"line":26,"column":2},"end":{"line":26,"column":null}},"2":{"start":{"line":40,"column":22},"end":{"line":40,"column":null}},"3":{"start":{"line":41,"column":20},"end":{"line":41,"column":null}},"4":{"start":{"line":42,"column":2},"end":{"line":42,"column":null}},"5":{"start":{"line":42,"column":75},"end":{"line":42,"column":null}},"6":{"start":{"line":43,"column":2},"end":{"line":43,"column":null}},"7":{"start":{"line":51,"column":2},"end":{"line":51,"column":null}},"8":{"start":{"line":60,"column":2},"end":{"line":64,"column":null}},"9":{"start":{"line":61,"column":4},"end":{"line":61,"column":null}},"10":{"start":{"line":63,"column":4},"end":{"line":63,"column":null}},"11":{"start":{"line":73,"column":2},"end":{"line":73,"column":null}},"12":{"start":{"line":74,"column":15},"end":{"line":74,"column":null}},"13":{"start":{"line":75,"column":2},"end":{"line":75,"column":null}},"14":{"start":{"line":76,"column":2},"end":{"line":76,"column":null}},"15":{"start":{"line":77,"column":2},"end":{"line":77,"column":null}},"16":{"start":{"line":92,"column":2},"end":{"line":94,"column":null}},"17":{"start":{"line":93,"column":4},"end":{"line":93,"column":null}},"18":{"start":{"line":95,"column":20},"end":{"line":95,"column":null}},"19":{"start":{"line":96,"column":2},"end":{"line":96,"column":null}},"20":{"start":{"line":96,"column":55},"end":{"line":96,"column":null}},"21":{"start":{"line":97,"column":16},"end":{"line":97,"column":null}},"22":{"start":{"line":98,"column":2},"end":{"line":98,"column":null}},"23":{"start":{"line":99,"column":2},"end":{"line":99,"column":null}}},"fnMap":{"0":{"name":"generateToken","decl":{"start":{"line":25,"column":16},"end":{"line":25,"column":30}},"loc":{"start":{"line":25,"column":58},"end":{"line":27,"column":null}},"line":25},"1":{"name":"verifyToken","decl":{"start":{"line":36,"column":16},"end":{"line":36,"column":28}},"loc":{"start":{"line":36,"column":71},"end":{"line":44,"column":null}},"line":36},"2":{"name":"tokenFilePath","decl":{"start":{"line":50,"column":16},"end":{"line":50,"column":40}},"loc":{"start":{"line":50,"column":40},"end":{"line":52,"column":null}},"line":50},"3":{"name":"readTokenFile","decl":{"start":{"line":59,"column":22},"end":{"line":59,"column":36}},"loc":{"start":{"line":59,"column":97},"end":{"line":65,"column":null}},"line":59},"4":{"name":"writeTokenFile","decl":{"start":{"line":72,"column":22},"end":{"line":72,"column":37}},"loc":{"start":{"line":72,"column":99},"end":{"line":78,"column":null}},"line":72},"5":{"name":"resolveToken","decl":{"start":{"line":88,"column":22},"end":{"line":88,"column":null}},"loc":{"start":{"line":91,"column":64},"end":{"line":100,"column":null}},"line":91}},"branchMap":{"0":{"loc":{"start":{"line":25,"column":30},"end":{"line":25,"column":58}},"type":"default-arg","locations":[{"start":{"line":25,"column":46},"end":{"line":25,"column":58}}],"line":25},"1":{"loc":{"start":{"line":42,"column":2},"end":{"line":42,"column":null}},"type":"if","locations":[{"start":{"line":42,"column":2},"end":{"line":42,"column":null}},{"start":{},"end":{}}],"line":42},"2":{"loc":{"start":{"line":42,"column":6},"end":{"line":42,"column":75}},"type":"binary-expr","locations":[{"start":{"line":42,"column":6},"end":{"line":42,"column":34}},{"start":{"line":42,"column":34},"end":{"line":42,"column":75}}],"line":42},"3":{"loc":{"start":{"line":59,"column":36},"end":{"line":59,"column":97}},"type":"default-arg","locations":[{"start":{"line":59,"column":51},"end":{"line":59,"column":97}}],"line":59},"4":{"loc":{"start":{"line":72,"column":52},"end":{"line":72,"column":99}},"type":"default-arg","locations":[{"start":{"line":72,"column":67},"end":{"line":72,"column":99}}],"line":72},"5":{"loc":{"start":{"line":90,"column":2},"end":{"line":90,"column":null}},"type":"default-arg","locations":[{"start":{"line":90,"column":17},"end":{"line":90,"column":null}}],"line":90},"6":{"loc":{"start":{"line":92,"column":2},"end":{"line":94,"column":null}},"type":"if","locations":[{"start":{"line":92,"column":2},"end":{"line":94,"column":null}},{"start":{},"end":{}}],"line":92},"7":{"loc":{"start":{"line":92,"column":6},"end":{"line":92,"column":57}},"type":"binary-expr","locations":[{"start":{"line":92,"column":6},"end":{"line":92,"column":34}},{"start":{"line":92,"column":34},"end":{"line":92,"column":57}}],"line":92},"8":{"loc":{"start":{"line":96,"column":2},"end":{"line":96,"column":null}},"type":"if","locations":[{"start":{"line":96,"column":2},"end":{"line":96,"column":null}},{"start":{},"end":{}}],"line":96},"9":{"loc":{"start":{"line":96,"column":6},"end":{"line":96,"column":55}},"type":"binary-expr","locations":[{"start":{"line":96,"column":6},"end":{"line":96,"column":33}},{"start":{"line":96,"column":33},"end":{"line":96,"column":55}}],"line":96}},"s":{"0":5,"1":7,"2":34,"3":34,"4":34,"5":8,"6":26,"7":5,"8":3,"9":3,"10":2,"11":3,"12":3,"13":3,"14":3,"15":3,"16":8,"17":5,"18":3,"19":3,"20":1,"21":2,"22":2,"23":2},"f":{"0":7,"1":34,"2":5,"3":3,"4":3,"5":8},"b":{"0":[7],"1":[8,26],"2":[34,33],"3":[3],"4":[3],"5":[8],"6":[5,3],"7":[8,5],"8":[1,2],"9":[3,1]},"meta":{"lastBranch":10,"lastFunction":6,"lastStatement":24,"seen":{"s:18:31:18:Infinity":0,"f:25:16:25:30":0,"b:25:46:25:58":0,"s:26:2:26:Infinity":1,"f:36:16:36:28":1,"s:40:22:40:Infinity":2,"s:41:20:41:Infinity":3,"b:42:2:42:Infinity:undefined:undefined:undefined:undefined":1,"s:42:2:42:Infinity":4,"b:42:6:42:34:42:34:42:75":2,"s:42:75:42:Infinity":5,"s:43:2:43:Infinity":6,"f:50:16:50:40":2,"s:51:2:51:Infinity":7,"f:59:22:59:36":3,"b:59:51:59:97":3,"s:60:2:64:Infinity":8,"s:61:4:61:Infinity":9,"s:63:4:63:Infinity":10,"f:72:22:72:37":4,"b:72:67:72:99":4,"s:73:2:73:Infinity":11,"s:74:15:74:Infinity":12,"s:75:2:75:Infinity":13,"s:76:2:76:Infinity":14,"s:77:2:77:Infinity":15,"f:88:22:88:Infinity":5,"b:90:17:90:Infinity":5,"b:92:2:94:Infinity:undefined:undefined:undefined:undefined":6,"s:92:2:94:Infinity":16,"b:92:6:92:34:92:34:92:57":7,"s:93:4:93:Infinity":17,"s:95:20:95:Infinity":18,"b:96:2:96:Infinity:undefined:undefined:undefined:undefined":8,"s:96:2:96:Infinity":19,"b:96:6:96:33:96:33:96:55":9,"s:96:55:96:Infinity":20,"s:97:16:97:Infinity":21,"s:98:2:98:Infinity":22,"s:99:2:99:Infinity":23},"fnNames":{}}}
,"/Users/yuxianglin/Desktop/test-Lum1104/dsh-browser/packages/browser/bridge-browser/src/tools.ts": {"path":"/Users/yuxianglin/Desktop/test-Lum1104/dsh-browser/packages/browser/bridge-browser/src/tools.ts","statementMap":{"0":{"start":{"line":35,"column":46},"end":{"line":46,"column":null}},"1":{"start":{"line":43,"column":19},"end":{"line":43,"column":null}},"2":{"start":{"line":44,"column":4},"end":{"line":44,"column":null}},"3":{"start":{"line":51,"column":22},"end":{"line":51,"column":null}},"4":{"start":{"line":54,"column":34},"end":{"line":66,"column":null}},"5":{"start":{"line":84,"column":20},"end":{"line":84,"column":null}},"6":{"start":{"line":85,"column":15},"end":{"line":88,"column":null}},"7":{"start":{"line":86,"column":19},"end":{"line":86,"column":null}},"8":{"start":{"line":87,"column":4},"end":{"line":87,"column":null}},"9":{"start":{"line":90,"column":2},"end":{"line":92,"column":null}},"10":{"start":{"line":91,"column":4},"end":{"line":91,"column":null}},"11":{"start":{"line":93,"column":2},"end":{"line":93,"column":null}},"12":{"start":{"line":98,"column":2},"end":{"line":100,"column":null}},"13":{"start":{"line":99,"column":4},"end":{"line":99,"column":null}},"14":{"start":{"line":101,"column":2},"end":{"line":101,"column":null}},"15":{"start":{"line":110,"column":8},"end":{"line":128,"column":null}},"16":{"start":{"line":110,"column":42},"end":{"line":128,"column":null}},"17":{"start":{"line":122,"column":16},"end":{"line":122,"column":null}},"18":{"start":{"line":123,"column":6},"end":{"line":126,"column":null}},"19":{"start":{"line":130,"column":8},"end":{"line":140,"column":null}},"20":{"start":{"line":130,"column":39},"end":{"line":140,"column":null}},"21":{"start":{"line":139,"column":29},"end":{"line":139,"column":null}},"22":{"start":{"line":142,"column":8},"end":{"line":162,"column":null}},"23":{"start":{"line":142,"column":38},"end":{"line":162,"column":null}},"24":{"start":{"line":155,"column":16},"end":{"line":155,"column":null}},"25":{"start":{"line":156,"column":6},"end":{"line":160,"column":null}},"26":{"start":{"line":164,"column":8},"end":{"line":174,"column":null}},"27":{"start":{"line":164,"column":39},"end":{"line":174,"column":null}},"28":{"start":{"line":173,"column":29},"end":{"line":173,"column":null}},"29":{"start":{"line":176,"column":8},"end":{"line":193,"column":null}},"30":{"start":{"line":176,"column":40},"end":{"line":193,"column":null}},"31":{"start":{"line":187,"column":16},"end":{"line":187,"column":null}},"32":{"start":{"line":188,"column":6},"end":{"line":191,"column":null}},"33":{"start":{"line":195,"column":8},"end":{"line":205,"column":null}},"34":{"start":{"line":195,"column":42},"end":{"line":205,"column":null}},"35":{"start":{"line":204,"column":29},"end":{"line":204,"column":null}},"36":{"start":{"line":207,"column":8},"end":{"line":214,"column":null}},"37":{"start":{"line":207,"column":120},"end":{"line":214,"column":null}},"38":{"start":{"line":213,"column":30},"end":{"line":213,"column":null}},"39":{"start":{"line":216,"column":8},"end":{"line":229,"column":null}},"40":{"start":{"line":216,"column":41},"end":{"line":229,"column":null}},"41":{"start":{"line":226,"column":16},"end":{"line":226,"column":null}},"42":{"start":{"line":227,"column":6},"end":{"line":227,"column":null}},"43":{"start":{"line":231,"column":8},"end":{"line":244,"column":null}},"44":{"start":{"line":231,"column":38},"end":{"line":244,"column":null}},"45":{"start":{"line":241,"column":16},"end":{"line":241,"column":null}},"46":{"start":{"line":242,"column":6},"end":{"line":242,"column":null}},"47":{"start":{"line":246,"column":2},"end":{"line":258,"column":null}}},"fnMap":{"0":{"name":"(anonymous_0)","decl":{"start":{"line":42,"column":2},"end":{"line":42,"column":11}},"loc":{"start":{"line":42,"column":28},"end":{"line":45,"column":null}},"line":42},"1":{"name":"registerBrowserTools","decl":{"start":{"line":79,"column":16},"end":{"line":79,"column":null}},"loc":{"start":{"line":83,"column":27},"end":{"line":94,"column":null}},"line":83},"2":{"name":"(anonymous_2)","decl":{"start":{"line":85,"column":15},"end":{"line":85,"column":22}},"loc":{"start":{"line":85,"column":122},"end":{"line":88,"column":null}},"line":85},"3":{"name":"normalizeTextResult","decl":{"start":{"line":97,"column":9},"end":{"line":97,"column":29}},"loc":{"start":{"line":97,"column":72},"end":{"line":102,"column":null}},"line":97},"4":{"name":"defineTools","decl":{"start":{"line":109,"column":9},"end":{"line":109,"column":21}},"loc":{"start":{"line":109,"column":81},"end":{"line":259,"column":null}},"line":109},"5":{"name":"(anonymous_5)","decl":{"start":{"line":110,"column":8},"end":{"line":110,"column":42}},"loc":{"start":{"line":110,"column":42},"end":{"line":128,"column":null}},"line":110},"6":{"name":"(anonymous_6)","decl":{"start":{"line":121,"column":4},"end":{"line":121,"column":14}},"loc":{"start":{"line":121,"column":29},"end":{"line":127,"column":null}},"line":121},"7":{"name":"(anonymous_7)","decl":{"start":{"line":130,"column":8},"end":{"line":130,"column":39}},"loc":{"start":{"line":130,"column":39},"end":{"line":140,"column":null}},"line":130},"8":{"name":"(anonymous_8)","decl":{"start":{"line":139,"column":4},"end":{"line":139,"column":14}},"loc":{"start":{"line":139,"column":29},"end":{"line":139,"column":null}},"line":139},"9":{"name":"(anonymous_9)","decl":{"start":{"line":142,"column":8},"end":{"line":142,"column":38}},"loc":{"start":{"line":142,"column":38},"end":{"line":162,"column":null}},"line":142},"10":{"name":"(anonymous_10)","decl":{"start":{"line":154,"column":4},"end":{"line":154,"column":14}},"loc":{"start":{"line":154,"column":29},"end":{"line":161,"column":null}},"line":154},"11":{"name":"(anonymous_11)","decl":{"start":{"line":164,"column":8},"end":{"line":164,"column":39}},"loc":{"start":{"line":164,"column":39},"end":{"line":174,"column":null}},"line":164},"12":{"name":"(anonymous_12)","decl":{"start":{"line":173,"column":4},"end":{"line":173,"column":14}},"loc":{"start":{"line":173,"column":29},"end":{"line":173,"column":null}},"line":173},"13":{"name":"(anonymous_13)","decl":{"start":{"line":176,"column":8},"end":{"line":176,"column":40}},"loc":{"start":{"line":176,"column":40},"end":{"line":193,"column":null}},"line":176},"14":{"name":"(anonymous_14)","decl":{"start":{"line":186,"column":4},"end":{"line":186,"column":14}},"loc":{"start":{"line":186,"column":29},"end":{"line":192,"column":null}},"line":186},"15":{"name":"(anonymous_15)","decl":{"start":{"line":195,"column":8},"end":{"line":195,"column":42}},"loc":{"start":{"line":195,"column":42},"end":{"line":205,"column":null}},"line":195},"16":{"name":"(anonymous_16)","decl":{"start":{"line":204,"column":4},"end":{"line":204,"column":14}},"loc":{"start":{"line":204,"column":29},"end":{"line":204,"column":null}},"line":204},"17":{"name":"(anonymous_17)","decl":{"start":{"line":207,"column":8},"end":{"line":207,"column":18}},"loc":{"start":{"line":207,"column":120},"end":{"line":214,"column":null}},"line":207},"18":{"name":"(anonymous_18)","decl":{"start":{"line":213,"column":4},"end":{"line":213,"column":14}},"loc":{"start":{"line":213,"column":30},"end":{"line":213,"column":null}},"line":213},"19":{"name":"(anonymous_19)","decl":{"start":{"line":216,"column":8},"end":{"line":216,"column":41}},"loc":{"start":{"line":216,"column":41},"end":{"line":229,"column":null}},"line":216},"20":{"name":"(anonymous_20)","decl":{"start":{"line":225,"column":4},"end":{"line":225,"column":14}},"loc":{"start":{"line":225,"column":29},"end":{"line":228,"column":null}},"line":225},"21":{"name":"(anonymous_21)","decl":{"start":{"line":231,"column":8},"end":{"line":231,"column":38}},"loc":{"start":{"line":231,"column":38},"end":{"line":244,"column":null}},"line":231},"22":{"name":"(anonymous_22)","decl":{"start":{"line":240,"column":4},"end":{"line":240,"column":14}},"loc":{"start":{"line":240,"column":29},"end":{"line":243,"column":null}},"line":240}},"branchMap":{"0":{"loc":{"start":{"line":98,"column":2},"end":{"line":100,"column":null}},"type":"if","locations":[{"start":{"line":98,"column":2},"end":{"line":100,"column":null}},{"start":{},"end":{}}],"line":98},"1":{"loc":{"start":{"line":98,"column":6},"end":{"line":98,"column":112}},"type":"binary-expr","locations":[{"start":{"line":98,"column":6},"end":{"line":98,"column":36}},{"start":{"line":98,"column":36},"end":{"line":98,"column":55}},{"start":{"line":98,"column":55},"end":{"line":98,"column":112}}],"line":98},"2":{"loc":{"start":{"line":124,"column":11},"end":{"line":124,"column":null}},"type":"cond-expr","locations":[{"start":{"line":124,"column":35},"end":{"line":124,"column":56}},{"start":{"line":124,"column":56},"end":{"line":124,"column":null}}],"line":124},"3":{"loc":{"start":{"line":125,"column":11},"end":{"line":125,"column":null}},"type":"cond-expr","locations":[{"start":{"line":125,"column":36},"end":{"line":125,"column":59}},{"start":{"line":125,"column":59},"end":{"line":125,"column":null}}],"line":125},"4":{"loc":{"start":{"line":159,"column":11},"end":{"line":159,"column":null}},"type":"cond-expr","locations":[{"start":{"line":159,"column":37},"end":{"line":159,"column":62}},{"start":{"line":159,"column":62},"end":{"line":159,"column":null}}],"line":159},"5":{"loc":{"start":{"line":190,"column":11},"end":{"line":190,"column":null}},"type":"cond-expr","locations":[{"start":{"line":190,"column":36},"end":{"line":190,"column":59}},{"start":{"line":190,"column":59},"end":{"line":190,"column":null}}],"line":190},"6":{"loc":{"start":{"line":227,"column":49},"end":{"line":227,"column":106}},"type":"cond-expr","locations":[{"start":{"line":227,"column":76},"end":{"line":227,"column":103}},{"start":{"line":227,"column":103},"end":{"line":227,"column":106}}],"line":227},"7":{"loc":{"start":{"line":242,"column":45},"end":{"line":242,"column":84}},"type":"cond-expr","locations":[{"start":{"line":242,"column":66},"end":{"line":242,"column":81}},{"start":{"line":242,"column":81},"end":{"line":242,"column":84}}],"line":242}},"s":{"0":4,"1":1,"2":1,"3":4,"4":4,"5":13,"6":13,"7":18,"8":18,"9":13,"10":143,"11":13,"12":18,"13":17,"14":1,"15":13,"16":13,"17":3,"18":3,"19":13,"20":13,"21":1,"22":13,"23":13,"24":2,"25":2,"26":13,"27":13,"28":1,"29":13,"30":13,"31":2,"32":2,"33":13,"34":13,"35":1,"36":13,"37":39,"38":3,"39":13,"40":13,"41":2,"42":2,"43":13,"44":13,"45":3,"46":3,"47":13},"f":{"0":1,"1":13,"2":18,"3":18,"4":13,"5":13,"6":3,"7":13,"8":1,"9":13,"10":2,"11":13,"12":1,"13":13,"14":2,"15":13,"16":1,"17":39,"18":3,"19":13,"20":2,"21":13,"22":3},"b":{"0":[17,1],"1":[18,18,17],"2":[2,1],"3":[1,2],"4":[1,1],"5":[1,1],"6":[1,1],"7":[1,2]},"meta":{"lastBranch":8,"lastFunction":23,"lastStatement":48,"seen":{"s:35:46:46:Infinity":0,"f:42:2:42:11":0,"s:43:19:43:Infinity":1,"s:44:4:44:Infinity":2,"s:51:22:51:Infinity":3,"s:54:34:66:Infinity":4,"f:79:16:79:Infinity":1,"s:84:20:84:Infinity":5,"s:85:15:88:Infinity":6,"f:85:15:85:22":2,"s:86:19:86:Infinity":7,"s:87:4:87:Infinity":8,"s:90:2:92:Infinity":9,"s:91:4:91:Infinity":10,"s:93:2:93:Infinity":11,"f:97:9:97:29":3,"b:98:2:100:Infinity:undefined:undefined:undefined:undefined":0,"s:98:2:100:Infinity":12,"b:98:6:98:36:98:36:98:55:98:55:98:112":1,"s:99:4:99:Infinity":13,"s:101:2:101:Infinity":14,"f:109:9:109:21":4,"s:110:8:128:Infinity":15,"f:110:8:110:42":5,"s:110:42:128:Infinity":16,"f:121:4:121:14":6,"s:122:16:122:Infinity":17,"s:123:6:126:Infinity":18,"b:124:35:124:56:124:56:124:Infinity":2,"b:125:36:125:59:125:59:125:Infinity":3,"s:130:8:140:Infinity":19,"f:130:8:130:39":7,"s:130:39:140:Infinity":20,"f:139:4:139:14":8,"s:139:29:139:Infinity":21,"s:142:8:162:Infinity":22,"f:142:8:142:38":9,"s:142:38:162:Infinity":23,"f:154:4:154:14":10,"s:155:16:155:Infinity":24,"s:156:6:160:Infinity":25,"b:159:37:159:62:159:62:159:Infinity":4,"s:164:8:174:Infinity":26,"f:164:8:164:39":11,"s:164:39:174:Infinity":27,"f:173:4:173:14":12,"s:173:29:173:Infinity":28,"s:176:8:193:Infinity":29,"f:176:8:176:40":13,"s:176:40:193:Infinity":30,"f:186:4:186:14":14,"s:187:16:187:Infinity":31,"s:188:6:191:Infinity":32,"b:190:36:190:59:190:59:190:Infinity":5,"s:195:8:205:Infinity":33,"f:195:8:195:42":15,"s:195:42:205:Infinity":34,"f:204:4:204:14":16,"s:204:29:204:Infinity":35,"s:207:8:214:Infinity":36,"f:207:8:207:18":17,"s:207:120:214:Infinity":37,"f:213:4:213:14":18,"s:213:30:213:Infinity":38,"s:216:8:229:Infinity":39,"f:216:8:216:41":19,"s:216:41:229:Infinity":40,"f:225:4:225:14":20,"s:226:16:226:Infinity":41,"s:227:6:227:Infinity":42,"b:227:76:227:103:227:103:227:106":6,"s:231:8:244:Infinity":43,"f:231:8:231:38":21,"s:231:38:244:Infinity":44,"f:240:4:240:14":22,"s:241:16:241:Infinity":45,"s:242:6:242:Infinity":46,"b:242:66:242:81:242:81:242:84":7,"s:246:2:258:Infinity":47},"fnNames":{}}}
}
